BH helicity-amplitude benchmark

Kinematics
  Frame: initial electron-proton center of momentum
  Scalar inputs: Eb, Q2, xB, t, phi
  Eb scalar = 5
  s = 10.259844
  sqrt(s) = 3.203099124285728
  Q2 = 2
  xB = 0.36
  t = -0.4
  phi = 0.7
  m = 0.9379999999999999
  Derived variables
  nu = 2.961383558398484
  y = Q2/(2 m xB Eb) = 0.5922767116796968

Four-momenta in initial e+p COM frame [E, px, py, pz]
+------+----------------+-----------------+-----------------+-----------------+
| vec  | E              | px              | py              | pz              |
+------+----------------+-----------------+-----------------+-----------------+
|    k | 1.46420695e+00 |  0.00000000e+00 |  0.00000000e+00 |  1.46420695e+00 |
|    p | 1.73889217e+00 |  0.00000000e+00 |  0.00000000e+00 | -1.46420695e+00 |
|   kp | 9.09188916e-01 |  8.80594445e-01 |  0.00000000e+00 |  2.26225351e-01 |
|   pp | 1.17769479e+00 |  1.19988785e-01 |  2.35844443e-01 | -6.61136220e-01 |
| qout | 1.11621542e+00 | -1.00058323e+00 | -2.35844443e-01 |  4.34910870e-01 |
|    q | 5.55018034e-01 | -8.80594445e-01 |  0.00000000e+00 |  1.23798160e+00 |
+------+----------------+-----------------+-----------------+-----------------+
  energy_balance = -1.5543122344752192e-15
  momentum_conservation = [ 0.00000000e+00  0.00000000e+00 -4.99600361e-16]
  onshell_check = [0j, (-1.1102230246251565e-16+0j), (3.3306690738754696e-15+0j), (0.8798439999999994+0j), (0.8798439999999996+0j)]

Analytic benchmark note
  Pbar = (pp + p) / 2
  Delta = pp - p
  t = Delta^2
  t = -4.0000000000000024e-01
  A_BH = -2.0444559994157519e+01
  B_BH = -1.0319869512421935e+01
  Comparison uses the AB-only analytic expression; tilde terms are omitted.

Fixed-helicity amplitudes at F1=1, F2=0
+-----+------+-----+------+-----+-----------------+-----------------+----------------+
| hIn | hOut | sIn | sOut | lam | Re M            | Im M            | |M|^2          |
+-----+------+-----+------+-----+-----------------+-----------------+----------------+
|  -1 |   -1 |  -1 |   -1 |  -1 | -9.08737538e+00 | -9.72597056e-01 | 8.35263363e+01 |
|  -1 |   -1 |  -1 |   -1 |   1 |  2.43392822e+00 |  6.17202547e-01 | 6.30494555e+00 |
|  -1 |   -1 |  -1 |    1 |  -1 | -2.57207997e+00 |  3.94944338e+00 | 2.22136984e+01 |
|  -1 |   -1 |  -1 |    1 |   1 | -2.57868421e-01 |  4.42398449e-01 | 2.62212510e-01 |
|  -1 |   -1 |   1 |   -1 |  -1 | -2.57974456e-01 |  3.96121240e-01 | 2.23462857e-01 |
|  -1 |   -1 |   1 |   -1 |   1 |  1.88030084e+00 |  1.37847622e+00 | 5.43572796e+00 |
|  -1 |   -1 |   1 |    1 |  -1 |  2.46838556e+00 |  4.28218729e+00 | 2.44300553e+01 |
|  -1 |   -1 |   1 |    1 |   1 | -2.84279891e+00 | -1.82871624e+00 | 1.14257087e+01 |
|  -1 |    1 |  -1 |   -1 |  -1 |  1.28853430e-16 | -4.33497000e-16 | 2.04522856e-31 |
|  -1 |    1 |  -1 |   -1 |   1 |  1.59704729e-16 | -3.88911886e-16 | 1.76758056e-31 |
|  -1 |    1 |  -1 |    1 |  -1 |  2.17322448e-16 | -3.00154492e-16 | 1.37321766e-31 |
|  -1 |    1 |  -1 |    1 |   1 |  2.83715013e-16 | -4.78488919e-16 | 3.09445854e-31 |
|  -1 |    1 |   1 |   -1 |  -1 |  8.89253902e-17 |  2.34934758e-16 | 6.31020654e-32 |
|  -1 |    1 |   1 |   -1 |   1 |  7.01448350e-17 |  2.45856811e-16 | 6.53658694e-32 |
|  -1 |    1 |   1 |    1 |  -1 | -4.91598992e-16 |  3.95891701e-16 | 3.98399809e-31 |
|  -1 |    1 |   1 |    1 |   1 | -3.70448315e-16 |  4.40476815e-16 | 3.31251779e-31 |
|   1 |   -1 |  -1 |   -1 |  -1 |  6.43408300e-16 |  1.58273721e-15 | 2.91903131e-30 |
|   1 |   -1 |  -1 |   -1 |   1 |  1.64500982e-17 |  7.32647705e-16 | 5.37043265e-31 |
|   1 |   -1 |  -1 |    1 |  -1 | -4.11460904e-16 |  3.66313313e-16 | 3.03485519e-31 |
|   1 |   -1 |  -1 |    1 |   1 | -2.52321475e-16 |  3.37202791e-16 | 1.77371849e-31 |
|   1 |   -1 |   1 |   -1 |  -1 |  1.20587963e-16 | -2.29521028e-16 | 6.72213589e-32 |
|   1 |   -1 |   1 |   -1 |   1 | -8.61634764e-17 | -3.67822878e-16 | 1.42717814e-31 |
|   1 |   -1 |   1 |    1 |  -1 |  9.08589415e-16 | -1.71192096e-15 | 3.75620811e-30 |
|   1 |   -1 |   1 |    1 |   1 |  7.28808803e-16 | -6.77553615e-16 | 9.90241172e-31 |
|   1 |    1 |  -1 |   -1 |  -1 | -2.84279891e+00 |  1.82871624e+00 | 1.14257087e+01 |
|   1 |    1 |  -1 |   -1 |   1 |  2.46838556e+00 | -4.28218729e+00 | 2.44300553e+01 |
|   1 |    1 |  -1 |    1 |  -1 | -1.88030084e+00 |  1.37847622e+00 | 5.43572796e+00 |
|   1 |    1 |  -1 |    1 |   1 |  2.57974456e-01 |  3.96121240e-01 | 2.23462857e-01 |
|   1 |    1 |   1 |   -1 |  -1 |  2.57868421e-01 |  4.42398449e-01 | 2.62212510e-01 |
|   1 |    1 |   1 |   -1 |   1 |  2.57207997e+00 |  3.94944338e+00 | 2.22136984e+01 |
|   1 |    1 |   1 |    1 |  -1 |  2.43392822e+00 | -6.17202547e-01 | 6.30494555e+00 |
|   1 |    1 |   1 |    1 |   1 | -9.08737538e+00 |  9.72597056e-01 | 8.35263363e+01 |
+-----+------+-----+------+-----+-----------------+-----------------+----------------+

Unpolarized analytic benchmark sweep
+------+-----+------+----------------+----------------+-----------+-----------+
| case | F1  | F2   | unpol |M|^2    | analytic AB    | diff      | rel diff  |
+------+-----+------+----------------+----------------+-----------+-----------+
|    1 |   1 |    0 | 7.69110738e+01 | 7.69110738e+01 | 4.832e-13 | 6.282e-15 |
|    2 | 0.8 |    0 | 4.92230872e+01 | 4.92230872e+01 | 3.055e-13 | 6.207e-15 |
|    3 | 1.2 |    0 | 1.10751946e+02 | 1.10751946e+02 | 7.248e-13 | 6.544e-15 |
|    4 |   1 |  0.2 | 8.84952960e+01 | 8.84952960e+01 | 4.547e-13 | 5.139e-15 |
|    5 |   1 | -0.2 | 6.78555569e+01 | 6.78555569e+01 | 4.974e-13 | 7.330e-15 |
|    6 | 0.7 |  0.5 | 6.36484021e+01 | 6.36484021e+01 | 2.487e-13 | 3.907e-15 |
|    7 |   0 |    1 | 3.16088172e+01 | 3.16088172e+01 | 4.974e-14 | 1.574e-15 |
+------+-----+------+----------------+----------------+-----------+-----------+

Column meanings
  hIn, hOut: incoming and outgoing electron helicities.
  sIn, sOut: incoming and outgoing proton helicities.
  lam: final photon helicity.
  Re M, Im M: one fixed-helicity amplitude for the listed helicity row. It is a complex amplitude, not a spin sum.
  |M|^2: squared magnitude of one fixed-helicity amplitude; it is not summed or averaged over spins.
  case: row number for the chosen (F1, F2) pair.
  F1, F2: proton electromagnetic form factors used in Gamma_nu.
  unpol |M|^2: unpolarized squared amplitude, (1/4) sum_{hIn,sIn,hOut,sOut,lambda} |M|^2. The factor 1/4 averages over the two incoming electron and proton helicities; the final electron, proton, and photon helicities are summed.
  analytic AB: AB-only analytic result from the supplied A_BH and B_BH.
  diff: unpol |M|^2 minus analytic AB.
  rel diff: diff divided by analytic AB.
