Fixed-theta C13 kinematic scan
  theta_in: 1.5707963267948966e+00 rad
  s scan: 7 values from 13.9853 to 27.9706
  qOut scan: 7 values from 0.5 to 2
  phi_e local scan: 7 values within +/- 0.25 rad
  phi_gamma kinematic scan: 36 values over [0, 2*pi)
  valid points: 19560
  invalid points: 5136
  saved full csv: Output/C13KinematicScan/theta_pi_over_2_phi_e_regions_c13_phase_space.csv
  saved forward csv: Output/C13KinematicScan/theta_pi_over_2_forward_c13_phase_space.csv
  saved backward csv: Output/C13KinematicScan/theta_pi_over_2_backward_c13_phase_space.csv
  saved best-by-kinematics csv: Output/C13KinematicScan/theta_pi_over_2_c13_best_by_kinematics.csv
  saved top csv: Output/C13KinematicScan/theta_pi_over_2_c13_top.csv
  saved plot pdfs:
    unpolarized: Output/C13KinematicScan/theta_pi_over_2_c13_kinematic_scan_unpolarized.pdf
    longitudinal_polarized: Output/C13KinematicScan/theta_pi_over_2_c13_kinematic_scan_longitudinal_polarized.pdf
    Tx: Output/C13KinematicScan/theta_pi_over_2_c13_kinematic_scan_Tx.pdf
    Ty: Output/C13KinematicScan/theta_pi_over_2_c13_kinematic_scan_Ty.pdf
    double_transverse: Output/C13KinematicScan/theta_pi_over_2_c13_kinematic_scan_double_transverse.pdf

Top best-by-kinematics C13 rows:
  forward:
    Unpolarized: C13=3.1151429e-12, s=25.639714, qOut=0.5, phi_e_in=4.712389, phi_gamma=4.5378561, Q2=0.0094587415, xB=0.0018818023, t=-3.1227865e-06
    Longitudinal polarized: C13=8.1482766e-13, s=27.970597, qOut=0.75, phi_e_in=4.712389, phi_gamma=4.5378561, Q2=0.023913221, xB=0.0030367042, t=-8.1405872e-06
    Tx: C13=0.96214637, s=13.985299, qOut=0.5, phi_e_in=4.712389, phi_gamma=4.5378561, Q2=0.010519371, xB=0.0028330585, t=-7.0860358e-06
    Ty: C13=0.96214637, s=13.985299, qOut=0.5, phi_e_in=4.712389, phi_gamma=4.8869219, Q2=0.010519371, xB=0.0028330585, t=-7.0860358e-06
    Double transverse: C13=0.96214636, s=13.985299, qOut=0.5, phi_e_in=4.712389, phi_gamma=4.8869219, Q2=0.010519371, xB=0.0028330585, t=-7.0860358e-06
  backward:
    Unpolarized: C13=1.6025793e-14, s=27.970597, qOut=1.75, phi_e_in=1.4041297, phi_gamma=1.3962634, Q2=24.53467, xB=0.93344328, t=-7.7737945
    Longitudinal polarized: C13=3.5465637e-16, s=20.977948, qOut=1.25, phi_e_in=1.487463, phi_gamma=1.5707963, Q2=18.21044, xB=0.94512006, t=-7.8364714
    Tx: C13=0.16990549, s=16.316182, qOut=1.5, phi_e_in=1.4041297, phi_gamma=3.1415927, Q2=6.2370536, xB=0.67524793, t=-3.8019243
    Ty: C13=0.16990548, s=16.316182, qOut=1.5, phi_e_in=1.737463, phi_gamma=0, Q2=6.2370536, xB=0.67524793, t=-3.8019243
    Double transverse: C13=0.1939535, s=13.985299, qOut=1.25, phi_e_in=1.3207963, phi_gamma=3.1415927, Q2=5.7600769, xB=0.67531624, t=-4.6445054

First invalid points:
  point=s00_qout00, s=13.985299, theta_in=1.5707963, phi_e_in=4.462389, phi_p_in=1.3207963, qOut=0.5, phi_gamma=4.712389: final-state lepton propagator is singular for this kinematics.
  point=s00_qout00, s=13.985299, theta_in=1.5707963, phi_e_in=4.5457223, phi_p_in=1.4041297, qOut=0.5, phi_gamma=4.712389: final-state lepton propagator is singular for this kinematics.
  point=s00_qout00, s=13.985299, theta_in=1.5707963, phi_e_in=4.6290556, phi_p_in=1.487463, qOut=0.5, phi_gamma=4.712389: final-state lepton propagator is singular for this kinematics.
  point=s00_qout00, s=13.985299, theta_in=1.5707963, phi_e_in=4.712389, phi_p_in=1.5707963, qOut=0.5, phi_gamma=4.712389: momentum-transfer denominator t is singular for this kinematics.
  point=s00_qout00, s=13.985299, theta_in=1.5707963, phi_e_in=4.7957223, phi_p_in=1.6541297, qOut=0.5, phi_gamma=4.712389: final-state lepton propagator is singular for this kinematics.
  point=s00_qout00, s=13.985299, theta_in=1.5707963, phi_e_in=4.8790556, phi_p_in=1.737463, qOut=0.5, phi_gamma=4.712389: final-state lepton propagator is singular for this kinematics.
  point=s00_qout00, s=13.985299, theta_in=1.5707963, phi_e_in=4.962389, phi_p_in=1.8207963, qOut=0.5, phi_gamma=4.712389: final-state lepton propagator is singular for this kinematics.
  point=s00_qout01, s=13.985299, theta_in=1.5707963, phi_e_in=4.462389, phi_p_in=1.3207963, qOut=0.75, phi_gamma=4.712389: final-state lepton propagator is singular for this kinematics.
  point=s00_qout01, s=13.985299, theta_in=1.5707963, phi_e_in=4.5457223, phi_p_in=1.4041297, qOut=0.75, phi_gamma=4.712389: final-state lepton propagator is singular for this kinematics.
  point=s00_qout01, s=13.985299, theta_in=1.5707963, phi_e_in=4.6290556, phi_p_in=1.487463, qOut=0.75, phi_gamma=4.712389: final-state lepton propagator is singular for this kinematics.

Saved log: Output/C13KinematicScan.log
