Spin-density matrix scans
  trace benchmark: passed
  case  Q2   t      raw Tr(rho)     |M|^2           normalized  Tr(rho_norm)    error    
  ----  ---  -----  --------------  --------------  ----------  --------------  ---------
    K1    2   -0.4  3.07644295e+02  3.07644295e+02        True  1.00000000e+00  0.000e+00
    K2  1.5  -0.25  3.76712281e+03  3.76712281e+03        True  1.00000000e+00  2.220e-16
    K3    4   -0.8  2.35473938e+03  2.35473938e+03        True  1.00000000e+00  0.000e+00

Scan unpolarized/Q2_t
  outgoing basis size: 8
  particle map: 1 = outgoing electron hOut, 2 = outgoing proton sOut, 3 = outgoing photon lambda
  entanglement observables: C12, C13, C23, C1_23, C2_13, C3_12, F3, M1, M2, M3
  entanglement mode: pure_initial_state
  Eb: 11
  xB: 0.36
  Q2 grid: 1 to 6
  t grid: -1.2 to -0.2
  fixed phi: 0.7
  valid points: 121/121
  initial spins averaged: False
  normalized by M^2: True
  incoming spin weights: [1.0, 1.0, 1.0, 1.0] for ((-1, -1), (-1, 1), (1, -1), (1, 1))
  entanglement initial state: hIn=+1, sIn=+1
  saved data: Output/SpinDensityMat/unpolarized/Q2_t/spin_density_scan_Q2_t.npz
  saved entanglement csv: Output/SpinDensityMat/unpolarized/Q2_t/spin_entanglement_scan_Q2_t.csv
  saved entanglement plots: Output/SpinDensityMat/unpolarized/Q2_t/spin_entanglement_scan_Q2_t.pdf
  saved matrix csv files: 121 in Output/SpinDensityMat/unpolarized/Q2_t/SpinDensityScan
  saved matrix plot files: 242 in Output/SpinDensityMat/unpolarized/Q2_t/SpinDensityScan

Scan unpolarized/Q2_phi
  outgoing basis size: 8
  particle map: 1 = outgoing electron hOut, 2 = outgoing proton sOut, 3 = outgoing photon lambda
  entanglement observables: C12, C13, C23, C1_23, C2_13, C3_12, F3, M1, M2, M3
  entanglement mode: pure_initial_state
  Eb: 11
  xB: 0.36
  Q2 grid: 1 to 6
  phi grid: 0 to 5.75959
  fixed t: -0.4
  valid points: 132/132
  initial spins averaged: False
  normalized by M^2: True
  incoming spin weights: [1.0, 1.0, 1.0, 1.0] for ((-1, -1), (-1, 1), (1, -1), (1, 1))
  entanglement initial state: hIn=+1, sIn=+1
  saved data: Output/SpinDensityMat/unpolarized/Q2_phi/spin_density_scan_Q2_phi.npz
  saved entanglement csv: Output/SpinDensityMat/unpolarized/Q2_phi/spin_entanglement_scan_Q2_phi.csv
  saved entanglement plots: Output/SpinDensityMat/unpolarized/Q2_phi/spin_entanglement_scan_Q2_phi.pdf
  saved matrix csv files: 132 in Output/SpinDensityMat/unpolarized/Q2_phi/SpinDensityScan
  saved matrix plot files: 264 in Output/SpinDensityMat/unpolarized/Q2_phi/SpinDensityScan

Scan polarized/Q2_t
  outgoing basis size: 8
  particle map: 1 = outgoing electron hOut, 2 = outgoing proton sOut, 3 = outgoing photon lambda
  entanglement observables: C12, C13, C23, C1_23, C2_13, C3_12, F3, M1, M2, M3
  entanglement mode: h_in_plus_minus_h_in_minus
  Eb: 11
  xB: 0.36
  Q2 grid: 1 to 6
  t grid: -1.2 to -0.2
  fixed phi: 0.7
  valid points: 121/121
  initial spins averaged: False
  normalized by M^2: True
  incoming spin weights: [-1.0, -1.0, 1.0, 1.0] for ((-1, -1), (-1, 1), (1, -1), (1, 1))
  polarized convention: sum_sIn rho(hIn=+1,sIn) - sum_sIn rho(hIn=-1,sIn)
  polarized entanglement: E(hIn=+1, sIn=+1) - E(hIn=-1, sIn=+1)
  saved data: Output/SpinDensityMat/polarized/Q2_t/spin_density_scan_Q2_t.npz
  saved entanglement csv: Output/SpinDensityMat/polarized/Q2_t/spin_entanglement_scan_Q2_t.csv
  saved entanglement plots: Output/SpinDensityMat/polarized/Q2_t/spin_entanglement_scan_Q2_t.pdf
  saved matrix csv files: 121 in Output/SpinDensityMat/polarized/Q2_t/SpinDensityScan
  saved matrix plot files: 242 in Output/SpinDensityMat/polarized/Q2_t/SpinDensityScan

Scan polarized/Q2_phi
  outgoing basis size: 8
  particle map: 1 = outgoing electron hOut, 2 = outgoing proton sOut, 3 = outgoing photon lambda
  entanglement observables: C12, C13, C23, C1_23, C2_13, C3_12, F3, M1, M2, M3
  entanglement mode: h_in_plus_minus_h_in_minus
  Eb: 11
  xB: 0.36
  Q2 grid: 1 to 6
  phi grid: 0 to 5.75959
  fixed t: -0.4
  valid points: 132/132
  initial spins averaged: False
  normalized by M^2: True
  incoming spin weights: [-1.0, -1.0, 1.0, 1.0] for ((-1, -1), (-1, 1), (1, -1), (1, 1))
  polarized convention: sum_sIn rho(hIn=+1,sIn) - sum_sIn rho(hIn=-1,sIn)
  polarized entanglement: E(hIn=+1, sIn=+1) - E(hIn=-1, sIn=+1)
  saved data: Output/SpinDensityMat/polarized/Q2_phi/spin_density_scan_Q2_phi.npz
  saved entanglement csv: Output/SpinDensityMat/polarized/Q2_phi/spin_entanglement_scan_Q2_phi.csv
  saved entanglement plots: Output/SpinDensityMat/polarized/Q2_phi/spin_entanglement_scan_Q2_phi.pdf
  saved matrix csv files: 132 in Output/SpinDensityMat/polarized/Q2_phi/SpinDensityScan
  saved matrix plot files: 264 in Output/SpinDensityMat/polarized/Q2_phi/SpinDensityScan

Scan transverse/Q2_t
  outgoing basis size: 8
  particle map: 1 = outgoing electron hOut, 2 = outgoing proton sOut, 3 = outgoing photon lambda
  entanglement observables: C12, C13, C23, C1_23, C2_13, C3_12, F3, M1, M2, M3
  entanglement mode: h_in_minus_plus_h_in_plus_over_sqrt2
  Eb: 11
  xB: 0.36
  Q2 grid: 1 to 6
  t grid: -1.2 to -0.2
  fixed phi: 0.7
  valid points: 121/121
  initial spins averaged: False
  normalized by M^2: True
  incoming spin weights: [0.5, 0.5, 0.5, 0.5] for ((-1, -1), (-1, 1), (1, -1), (1, 1))
  transverse convention: sum_sIn rho((hIn=-1 + hIn=+1)/sqrt(2), sIn)
  transverse entanglement: E((hIn=-1 + hIn=+1)/sqrt(2), sIn=+1)
  saved data: Output/SpinDensityMat/transverse/Q2_t/spin_density_scan_Q2_t.npz
  saved entanglement csv: Output/SpinDensityMat/transverse/Q2_t/spin_entanglement_scan_Q2_t.csv
  saved entanglement plots: Output/SpinDensityMat/transverse/Q2_t/spin_entanglement_scan_Q2_t.pdf
  saved matrix csv files: 121 in Output/SpinDensityMat/transverse/Q2_t/SpinDensityScan
  saved matrix plot files: 242 in Output/SpinDensityMat/transverse/Q2_t/SpinDensityScan

Scan transverse/Q2_phi
  outgoing basis size: 8
  particle map: 1 = outgoing electron hOut, 2 = outgoing proton sOut, 3 = outgoing photon lambda
  entanglement observables: C12, C13, C23, C1_23, C2_13, C3_12, F3, M1, M2, M3
  entanglement mode: h_in_minus_plus_h_in_plus_over_sqrt2
  Eb: 11
  xB: 0.36
  Q2 grid: 1 to 6
  phi grid: 0 to 5.75959
  fixed t: -0.4
  valid points: 132/132
  initial spins averaged: False
  normalized by M^2: True
  incoming spin weights: [0.5, 0.5, 0.5, 0.5] for ((-1, -1), (-1, 1), (1, -1), (1, 1))
  transverse convention: sum_sIn rho((hIn=-1 + hIn=+1)/sqrt(2), sIn)
  transverse entanglement: E((hIn=-1 + hIn=+1)/sqrt(2), sIn=+1)
  saved data: Output/SpinDensityMat/transverse/Q2_phi/spin_density_scan_Q2_phi.npz
  saved entanglement csv: Output/SpinDensityMat/transverse/Q2_phi/spin_entanglement_scan_Q2_phi.csv
  saved entanglement plots: Output/SpinDensityMat/transverse/Q2_phi/spin_entanglement_scan_Q2_phi.pdf
  saved matrix csv files: 132 in Output/SpinDensityMat/transverse/Q2_phi/SpinDensityScan
  saved matrix plot files: 264 in Output/SpinDensityMat/transverse/Q2_phi/SpinDensityScan

Saved log: Output/SpinDensityMat.log
