WScan configuration generator
  input: Output/WScan/w_distance_phase_space.csv
  selected configurations: 144
  polarization PDFs: 12
  best configuration per polarization:
    Unpolarized: D_W=1.1546837, W fidelity=0.0004123368, qOut=1.8, phi_e=2.06167, phi_gamma=2.15984
    L proton: D_W=0.94271347, W fidelity=0.0070021041, qOut=1.8, phi_e=4.71239, phi_gamma=4.81056
    L electron: D_W=0.93988396, W fidelity=0.066541793, qOut=1.8, phi_e=4.71239, phi_gamma=4.81056
    Tx proton: D_W=0.94280905, W fidelity=0.089226846, qOut=1, phi_e=4.12334, phi_gamma=0.19635
    Ty proton: D_W=0.94280974, W fidelity=0.10028385, qOut=1.8, phi_e=4.31969, phi_gamma=2.94524
    Tx electron: D_W=0.94280918, W fidelity=0.026095339, qOut=1.8, phi_e=3.04342, phi_gamma=4.61421
    Ty electron: D_W=0.94280917, W fidelity=0.038983644, qOut=1.8, phi_e=0.0981748, phi_gamma=4.81056
    L electron + L proton: D_W=0.76065208, W fidelity=0.17613822, qOut=0.5, phi_e=1.9635, phi_gamma=1.9635
    L electron + Tx proton: D_W=0.94138696, W fidelity=0.075398704, qOut=0.5, phi_e=4.71239, phi_gamma=4.51604
    L electron + Ty proton: D_W=0.93775326, W fidelity=0.066984656, qOut=1.8, phi_e=4.71239, phi_gamma=4.61421
    Tx electron + Tx proton: D_W=0.55601969, W fidelity=0.12050374, qOut=1.8, phi_e=4.12334, phi_gamma=5.39961
    Tx electron + Ty proton: D_W=0.27069986, W fidelity=0.10073987, qOut=0.5, phi_e=4.71239, phi_gamma=4.41786
  summary csv: Output/WConfigGen/w_configuration_summary.csv
  momentum csv: Output/WConfigGen/w_momentum_configurations.csv
  amplitude csv: Output/WConfigGen/w_amplitude_decomposition.csv
