W-state concurrence-distance scan
  input: Output/AlignmentScan/ConcurrenceScan/electron_photon_concurrence_phase_space.csv
  target concurrences: C_e_p=C_p_gamma=C_e_gamma=0.666666666667
  phase-space rows: 12288
  aligned rows: 320
  best points:
    Unpolarized: D_W=1.1546837, purity=0.4999786, C=(2.9171414e-05, 0, 0), qOut=1.8, phi_e=2.06167, phi_gamma=2.15984
    L proton: D_W=0.94271347, purity=0.65374362, C=(0.00028586808, 0.68083989, 0), qOut=1.8, phi_e=4.71239, phi_gamma=4.81056
    L electron: D_W=0.93988396, purity=0.66237272, C=(0.00093851733, 0.68066883, 0.003347871), qOut=1.8, phi_e=4.71239, phi_gamma=4.81056
    Tx proton: D_W=0.94280905, purity=0.50027281, C=(0, 0.66679928, 0), qOut=1, phi_e=4.12334, phi_gamma=0.19635
    Ty proton: D_W=0.94280974, purity=0.50012764, C=(0, 0.66781592, 0), qOut=1.8, phi_e=4.31969, phi_gamma=2.94524
    Tx electron: D_W=0.94280918, purity=0.5, C=(0, 0, 0.66716824), qOut=1.8, phi_e=3.04342, phi_gamma=4.61421
    Ty electron: D_W=0.94280917, purity=0.5, C=(0, 0, 0.66716809), qOut=1.8, phi_e=0.0981748, phi_gamma=4.81056
    L electron + L proton: D_W=0.76065208, purity=1, C=(0.61281526, 1.9111871e-05, 0.30435099), qOut=0.5, phi_e=1.9635, phi_gamma=1.9635
    L electron + Tx proton: D_W=0.94138696, purity=1, C=(0.00079085131, 0.62230363, 0.0027007545), qOut=0.5, phi_e=4.71239, phi_gamma=4.51604
    L electron + Ty proton: D_W=0.93775326, purity=1, C=(0.0038066794, 0.70682407, 0.0045600382), qOut=1.8, phi_e=4.71239, phi_gamma=4.61421
    Tx electron + Tx proton: D_W=0.55601969, purity=1, C=(0.13341109, 0.56111135, 0.54981437), qOut=1.8, phi_e=4.12334, phi_gamma=5.39961
    Tx electron + Ty proton: D_W=0.27069986, purity=1, C=(0.40524097, 0.67759526, 0.59727225), qOut=0.5, phi_e=4.71239, phi_gamma=4.41786
  full csv: Output/WScan/w_distance_phase_space.csv
  aligned csv: Output/WScan/w_distance_aligned.csv
  ranked csv: Output/WScan/w_distance_top.csv
  plots: 12 PDFs under Output/WScan
