electron-photon C_{ep}/C_{e\gamma}/C_{p\gamma}/C_{e|p\gamma}/C_{p|e\gamma}/C_{\gamma|ep}/M_e/M_p/M_\gamma/F_3/P_{\rm GHZ+}/P_W-focused user-frame phase-space scan
  anchor variables: s, theta_in, qOut
  scanned variables per anchor: phi_in_lepton, phi_gamma
  locator observables: C_{ep}, C_{e\gamma}, C_{p\gamma}, C_{e|p\gamma}, C_{p|e\gamma}, C_{\gamma|ep}, M_e, M_p, M_\gamma, F_3, P_{\rm GHZ+}, P_W
  GHZ purity: <GHZ+|rho|GHZ+>, GHZ+=(|---〉+|+++〉)/sqrt(2)
  W purity: <W|rho|W>, W=(|+--〉+|-+-〉+|--+〉)/sqrt(3)
  angle cut: theta(e', gamma) <= 10 deg
  characteristic kinematic anchors: 3
  s anchor range: 21.5158 to 21.5158
  theta_in anchor range: 1.57079 to 1.57079
  qOut/Egamma anchor range: 0.25 to 1.8
  form factor model: YAHL 2018 proton lookup with F1(t), F2(t)
  electron mass: 0.00051099895 GeV
  phi_lepton_in scan: 64 values from 0 to 6.18501
  phi_gamma scan: 64 values from 0 to 6.18501
  heatmap x coordinate: phi_p_in
  heatmap guide lines: phi_p_in=pi/2 and phi_gamma=pi/2
  heatmap color scales: 0..1 for nonnegative observables, -1..1 for signed observables
  valid points: 12288
  aligned points: 320
  initial-spin ensemble conventions:
    Unpolarized (unpolarized): direct prepared state; 4 incoherent component(s); density divisor=4; entanglement mode=prepared_state_ensemble_unpolarized
    L proton (L_proton): direct prepared state; 2 incoherent component(s); density divisor=2; entanglement mode=prepared_state_ensemble_L_proton
    L electron (L_electron): direct prepared state; 2 incoherent component(s); density divisor=2; entanglement mode=prepared_state_ensemble_L_electron
    Tx proton (Tx_proton): direct prepared state; 2 incoherent component(s); density divisor=2; entanglement mode=prepared_state_ensemble_Tx_proton
    Ty proton (Ty_proton): direct prepared state; 2 incoherent component(s); density divisor=2; entanglement mode=prepared_state_ensemble_Ty_proton
    Tx electron (Tx_electron): direct prepared state; 2 incoherent component(s); density divisor=2; entanglement mode=prepared_state_ensemble_Tx_electron
    Ty electron (Ty_electron): direct prepared state; 2 incoherent component(s); density divisor=2; entanglement mode=prepared_state_ensemble_Ty_electron
    L electron + L proton (LL): direct prepared state; 1 incoherent component(s); density divisor=1; entanglement mode=prepared_state_ensemble_LL
    L electron + Tx proton (LTx): direct prepared state; 1 incoherent component(s); density divisor=1; entanglement mode=prepared_state_ensemble_LTx
    L electron + Ty proton (LTy): direct prepared state; 1 incoherent component(s); density divisor=1; entanglement mode=prepared_state_ensemble_LTy
    Tx electron + Tx proton (TxTx): direct prepared state; 1 incoherent component(s); density divisor=1; entanglement mode=prepared_state_ensemble_TxTx
    Tx electron + Ty proton (TxTy): direct prepared state; 1 incoherent component(s); density divisor=1; entanglement mode=prepared_state_ensemble_TxTy
  theta range: 0 to 180 deg

Top C_{ep}/C_{e\gamma}/C_{p\gamma}/C_{e|p\gamma}/C_{p|e\gamma}/C_{\gamma|ep}/M_e/M_p/M_\gamma/F_3/P_{\rm GHZ+}/P_W locator points:
  C_{ep}:
    Unpolarized:
    unpolarized_C_{ep}=2.91714142503e-05, s=21.515844, theta_in=1.570795, phi_e_in=2.0616702, phi_p_in=5.2032628, qOut=1.8, phiOut=2.1598449, Q2=16.833197, xB=0.8459101, t=-3.2394089, theta(e',gamma)=178.12229 deg
    L proton:
    L_proton_C_{ep}=0.000766975843492, s=21.515844, theta_in=1.570795, phi_e_in=4.712389, phi_p_in=1.5707963, qOut=1.8, phiOut=4.9087385, Q2=0.62628884, xB=0.037851146, t=-0.0013069463, theta(e',gamma)=54.940203 deg
    L electron:
    L_electron_C_{ep}=0.000938517332474, s=21.515844, theta_in=1.570795, phi_e_in=4.712389, phi_p_in=1.5707963, qOut=1.8, phiOut=4.8105638, Q2=0.16184727, xB=0.0097146135, t=-8.3795731e-05, theta(e',gamma)=28.926853 deg
    Tx proton:
    Tx_proton_C_{ep}=3.47376387739e-05, s=21.515844, theta_in=1.570795, phi_e_in=1.8653206, phi_p_in=5.0069133, qOut=1.8, phiOut=1.7671459, Q2=16.816129, xB=0.84640891, t=-3.2075159, theta(e',gamma)=179.42643 deg
    Ty proton:
    Ty_proton_C_{ep}=4.04933557745e-05, s=21.515844, theta_in=1.570795, phi_e_in=2.9452431, phi_p_in=6.0868358, qOut=1.8, phiOut=3.0434179, Q2=16.476484, xB=0.82729608, t=-3.2559647, theta(e',gamma)=170.72563 deg
    Tx electron:
    Tx_electron_C_{ep}=3.05884029882e-05, s=21.515844, theta_in=1.570795, phi_e_in=1.0799225, phi_p_in=4.2215151, qOut=1.8, phiOut=1.1780972, Q2=16.801189, xB=0.84608107, t=-3.1975567, theta(e',gamma)=178.8158 deg
    Ty electron:
    Ty_electron_C_{ep}=3.04847170338e-05, s=21.515844, theta_in=1.570795, phi_e_in=2.0616702, phi_p_in=5.2032628, qOut=1.8, phiOut=1.9634954, Q2=16.801189, xB=0.84608107, t=-3.1975567, theta(e',gamma)=178.8158 deg
    L electron + L proton:
    LL_C_{ep}=0.965633860495, s=21.515844, theta_in=1.570795, phi_e_in=0.88357293, phi_p_in=4.0251656, qOut=1.8, phiOut=0.88357293, Q2=16.837241, xB=0.84561665, t=-3.2125359, theta(e',gamma)=177.72482 deg
    L electron + Tx proton:
    LTx_C_{ep}=0.112785505816, s=21.515844, theta_in=1.570795, phi_e_in=0.9817477, phi_p_in=4.1233404, qOut=0.25, phiOut=0.9817477, Q2=18.212106, xB=0.98526233, t=-16.165266, theta(e',gamma)=149.87783 deg
    L electron + Ty proton:
    LTy_C_{ep}=0.102296457013, s=21.515844, theta_in=1.570795, phi_e_in=1.5707963, phi_p_in=4.712389, qOut=0.25, phiOut=1.5707963, Q2=19.690182, xB=0.99463039, t=-17.477223, theta(e',gamma)=180 deg
    Tx electron + Tx proton:
    TxTx_C_{ep}=0.992934855765, s=21.515844, theta_in=1.570795, phi_e_in=1.5707963, phi_p_in=4.712389, qOut=0.25, phiOut=1.4726216, Q2=19.685071, xB=0.99439285, t=-17.482167, theta(e',gamma)=175.0096 deg
    Tx electron + Ty proton:
    TxTy_C_{ep}=0.992938675932, s=21.515844, theta_in=1.570795, phi_e_in=1.4726216, phi_p_in=4.6142142, qOut=0.25, phiOut=0.78539816, Q2=19.409786, xB=0.9799475, t=-17.740166, theta(e',gamma)=139.64781 deg
  C_{e\gamma}:
    Unpolarized:
    unpolarized_C_{e\gamma}=4.90718576884e-13, s=21.515844, theta_in=1.570795, phi_e_in=3.0434179, phi_p_in=6.1850105, qOut=0.25, phiOut=4.712389, Q2=9.6448273, xB=0.80614828, t=-10.866052, theta(e',gamma)=0 deg
    L proton:
    L_proton_C_{e\gamma}=0.00124069476683, s=21.515844, theta_in=1.570795, phi_e_in=3.1415927, phi_p_in=0, qOut=0.25, phiOut=4.712389, Q2=8.7838586, xB=0.79111644, t=-9.8960674, theta(e',gamma)=0 deg
    L electron:
    L_electron_C_{e\gamma}=0.0978802854, s=21.515844, theta_in=1.570795, phi_e_in=4.6142142, phi_p_in=1.4726216, qOut=0.25, phiOut=4.6142142, Q2=0.053669039, xB=0.022674862, t=-0.047637228, theta(e',gamma)=6.3358759 deg
    Tx proton:
    Tx_proton_C_{e\gamma}=0.000382731992075, s=21.515844, theta_in=1.570795, phi_e_in=4.1233404, phi_p_in=0.9817477, qOut=0.25, phiOut=4.712389, Q2=1.4803471, xB=0.38960544, t=-1.6677881, theta(e',gamma)=0 deg
    Ty proton:
    Ty_proton_C_{e\gamma}=0.000504326246573, s=21.515844, theta_in=1.570795, phi_e_in=3.436117, phi_p_in=0.29452431, qOut=0.25, phiOut=4.712389, Q2=6.234039, xB=0.72884626, t=-7.0233906, theta(e',gamma)=0 deg
    Tx electron:
    Tx_electron_C_{e\gamma}=0.999980137777, s=21.515844, theta_in=1.570795, phi_e_in=4.6142142, phi_p_in=1.4726216, qOut=1.8, phiOut=4.712389, Q2=0.0090929191, xB=0.00054423346, t=-0.047652267, theta(e',gamma)=0 deg
    Ty electron:
    Ty_electron_C_{e\gamma}=0.999980733455, s=21.515844, theta_in=1.570795, phi_e_in=4.6142142, phi_p_in=1.4726216, qOut=1.8, phiOut=4.712389, Q2=0.0090929191, xB=0.00054423346, t=-0.047652267, theta(e',gamma)=0 deg
    L electron + L proton:
    LL_C_{e\gamma}=0.457264671474, s=21.515844, theta_in=1.570795, phi_e_in=2.1598449, phi_p_in=5.3014376, qOut=0.25, phiOut=2.1598449, Q2=18.212106, xB=0.98526233, t=-16.165266, theta(e',gamma)=149.87783 deg
    L electron + Tx proton:
    LTx_C_{e\gamma}=0.0980066367406, s=21.515844, theta_in=1.570795, phi_e_in=4.6142142, phi_p_in=1.4726216, qOut=0.25, phiOut=4.6142142, Q2=0.053669039, xB=0.022674862, t=-0.047637228, theta(e',gamma)=6.3358759 deg
    L electron + Ty proton:
    LTy_C_{e\gamma}=0.0978678584843, s=21.515844, theta_in=1.570795, phi_e_in=4.6142142, phi_p_in=1.4726216, qOut=0.25, phiOut=4.6142142, Q2=0.053669039, xB=0.022674862, t=-0.047637228, theta(e',gamma)=6.3358759 deg
    Tx electron + Tx proton:
    TxTx_C_{e\gamma}=0.999978859612, s=21.515844, theta_in=1.570795, phi_e_in=4.6142142, phi_p_in=1.4726216, qOut=1.8, phiOut=4.712389, Q2=0.0090929191, xB=0.00054423346, t=-0.047652267, theta(e',gamma)=0 deg
    Tx electron + Ty proton:
    TxTy_C_{e\gamma}=0.999980263693, s=21.515844, theta_in=1.570795, phi_e_in=4.6142142, phi_p_in=1.4726216, qOut=1.8, phiOut=4.712389, Q2=0.0090929191, xB=0.00054423346, t=-0.047652267, theta(e',gamma)=0 deg
  C_{p\gamma}:
    Unpolarized:
    unpolarized_C_{p\gamma}=2.36032791194e-15, s=21.515844, theta_in=1.570795, phi_e_in=1.5707963, phi_p_in=4.712389, qOut=1, phiOut=4.712389, Q2=10.894464, xB=0.54009195, t=-19.792135, theta(e',gamma)=0 deg
    L proton:
    L_proton_C_{p\gamma}=0.680839889211, s=21.515844, theta_in=1.570795, phi_e_in=4.712389, phi_p_in=1.5707963, qOut=1.8, phiOut=4.6142142, Q2=0.16184727, xB=0.0097146135, t=-8.3795731e-05, theta(e',gamma)=28.926853 deg
    L electron:
    L_electron_C_{p\gamma}=0.680668829636, s=21.515844, theta_in=1.570795, phi_e_in=4.712389, phi_p_in=1.5707963, qOut=1.8, phiOut=4.8105638, Q2=0.16184727, xB=0.0097146135, t=-8.3795731e-05, theta(e',gamma)=28.926853 deg
    Tx proton:
    Tx_proton_C_{p\gamma}=0.999986664232, s=21.515844, theta_in=1.570795, phi_e_in=4.712389, phi_p_in=1.5707963, qOut=0.25, phiOut=1.5707963, Q2=1.5630125e-11, xB=1.4703866e-10, t=-0.01145834, theta(e',gamma)=180 deg
    Ty proton:
    Ty_proton_C_{p\gamma}=0.999986654737, s=21.515844, theta_in=1.570795, phi_e_in=4.712389, phi_p_in=1.5707963, qOut=0.25, phiOut=1.5707963, Q2=1.5630125e-11, xB=1.4703866e-10, t=-0.01145834, theta(e',gamma)=180 deg
    Tx electron:
    Tx_electron_C_{p\gamma}=2.01985500654e-05, s=21.515844, theta_in=1.570795, phi_e_in=1.5707963, phi_p_in=4.712389, qOut=1.8, phiOut=1.4726216, Q2=16.829927, xB=0.84656453, t=-3.2201628, theta(e',gamma)=179.71544 deg
    Ty electron:
    Ty_electron_C_{p\gamma}=1.64827906772e-05, s=21.515844, theta_in=1.570795, phi_e_in=0.88357293, phi_p_in=4.0251656, qOut=1.8, phiOut=0.9817477, Q2=16.779077, xB=0.84548988, t=-3.1852884, theta(e',gamma)=178.12229 deg
    L electron + L proton:
    LL_C_{p\gamma}=0.986757648474, s=21.515844, theta_in=1.570795, phi_e_in=4.712389, phi_p_in=1.5707963, qOut=1, phiOut=4.9087385, Q2=0.068646067, xB=0.0074683471, t=-4.9451682e-05, theta(e',gamma)=20.294458 deg
    L electron + Tx proton:
    LTx_C_{p\gamma}=0.999986664236, s=21.515844, theta_in=1.570795, phi_e_in=4.712389, phi_p_in=1.5707963, qOut=0.25, phiOut=1.5707963, Q2=1.5630125e-11, xB=1.4703866e-10, t=-0.01145834, theta(e',gamma)=180 deg
    L electron + Ty proton:
    LTy_C_{p\gamma}=0.999985941267, s=21.515844, theta_in=1.570795, phi_e_in=4.712389, phi_p_in=1.5707963, qOut=0.25, phiOut=1.5707963, Q2=1.5630125e-11, xB=1.4703866e-10, t=-0.01145834, theta(e',gamma)=180 deg
    Tx electron + Tx proton:
    TxTx_C_{p\gamma}=0.999986664218, s=21.515844, theta_in=1.570795, phi_e_in=4.712389, phi_p_in=1.5707963, qOut=0.25, phiOut=1.5707963, Q2=1.5630125e-11, xB=1.4703866e-10, t=-0.01145834, theta(e',gamma)=180 deg
    Tx electron + Ty proton:
    TxTy_C_{p\gamma}=0.999986654762, s=21.515844, theta_in=1.570795, phi_e_in=4.712389, phi_p_in=1.5707963, qOut=0.25, phiOut=1.5707963, Q2=1.5630125e-11, xB=1.4703866e-10, t=-0.01145834, theta(e',gamma)=180 deg
  C_{e|p\gamma}:
    Unpolarized:
    unpolarized_C_{e|p\gamma}=0, s=21.515844, theta_in=1.570795, phi_e_in=0, phi_p_in=3.1415927, qOut=0.25, phiOut=0, Q2=10.459815, xB=0.90143575, t=-9.2842473, theta(e',gamma)=96.833428 deg
    L proton:
    L_proton_C_{e|p\gamma}=3.13986949708e-07, s=21.515844, theta_in=1.570795, phi_e_in=1.5707963, phi_p_in=4.712389, qOut=0.25, phiOut=4.712389, Q2=17.567717, xB=0.88337801, t=-19.792135, theta(e',gamma)=0 deg
    L electron:
    L_electron_C_{e|p\gamma}=1.36571398227e-07, s=21.515844, theta_in=1.570795, phi_e_in=1.5707963, phi_p_in=4.712389, qOut=1.8, phiOut=4.712389, Q2=3.7763277, xB=0.18443613, t=-19.792134, theta(e',gamma)=0 deg
    Tx proton:
    Tx_proton_C_{e|p\gamma}=0, s=21.515844, theta_in=1.570795, phi_e_in=0, phi_p_in=3.1415927, qOut=0.25, phiOut=0, Q2=10.459815, xB=0.90143575, t=-9.2842473, theta(e',gamma)=96.833428 deg
    Ty proton:
    Ty_proton_C_{e|p\gamma}=0, s=21.515844, theta_in=1.570795, phi_e_in=0, phi_p_in=3.1415927, qOut=0.25, phiOut=0, Q2=10.459815, xB=0.90143575, t=-9.2842473, theta(e',gamma)=96.833428 deg
    Tx electron:
    Tx_electron_C_{e|p\gamma}=0, s=21.515844, theta_in=1.570795, phi_e_in=0, phi_p_in=3.1415927, qOut=0.25, phiOut=0, Q2=10.459815, xB=0.90143575, t=-9.2842473, theta(e',gamma)=96.833428 deg
    Ty electron:
    Ty_electron_C_{e|p\gamma}=0, s=21.515844, theta_in=1.570795, phi_e_in=0, phi_p_in=3.1415927, qOut=0.25, phiOut=0, Q2=10.459815, xB=0.90143575, t=-9.2842473, theta(e',gamma)=96.833428 deg
    L electron + L proton:
    LL_C_{e|p\gamma}=0.98365295722, s=21.515844, theta_in=1.570795, phi_e_in=0.88357293, phi_p_in=4.0251656, qOut=1.8, phiOut=0.88357293, Q2=16.837241, xB=0.84561665, t=-3.2125359, theta(e',gamma)=177.72482 deg
    L electron + Tx proton:
    LTx_C_{e|p\gamma}=0.151962338826, s=21.515844, theta_in=1.570795, phi_e_in=0.88357293, phi_p_in=4.0251656, qOut=0.25, phiOut=0.88357293, Q2=17.692367, xB=0.98164411, t=-15.70394, theta(e',gamma)=144.78032 deg
    L electron + Ty proton:
    LTy_C_{e|p\gamma}=0.136781264959, s=21.515844, theta_in=1.570795, phi_e_in=1.5707963, phi_p_in=4.712389, qOut=0.25, phiOut=1.5707963, Q2=19.690182, xB=0.99463039, t=-17.477223, theta(e',gamma)=180 deg
    Tx electron + Tx proton:
    TxTx_C_{e|p\gamma}=1, s=21.515844, theta_in=1.570795, phi_e_in=1.5707963, phi_p_in=4.712389, qOut=1, phiOut=1.5707963, Q2=19.152484, xB=0.96635, t=-10.542372, theta(e',gamma)=180 deg
    Tx electron + Ty proton:
    TxTy_C_{e|p\gamma}=1, s=21.515844, theta_in=1.570795, phi_e_in=1.5707963, phi_p_in=4.712389, qOut=0.25, phiOut=1.5707963, Q2=19.690182, xB=0.99463039, t=-17.477223, theta(e',gamma)=180 deg
  C_{p|e\gamma}:
    Unpolarized:
    unpolarized_C_{p|e\gamma}=0, s=21.515844, theta_in=1.570795, phi_e_in=0, phi_p_in=3.1415927, qOut=0.25, phiOut=0, Q2=10.459815, xB=0.90143575, t=-9.2842473, theta(e',gamma)=96.833428 deg
    L proton:
    L_proton_C_{p|e\gamma}=3.43697148403e-07, s=21.515844, theta_in=1.570795, phi_e_in=1.5707963, phi_p_in=4.712389, qOut=1.8, phiOut=4.712389, Q2=3.7763277, xB=0.18443613, t=-19.792134, theta(e',gamma)=0 deg
    L electron:
    L_electron_C_{p|e\gamma}=1.39785282607e-07, s=21.515844, theta_in=1.570795, phi_e_in=1.5707963, phi_p_in=4.712389, qOut=1.8, phiOut=4.712389, Q2=3.7763277, xB=0.18443613, t=-19.792134, theta(e',gamma)=0 deg
    Tx proton:
    Tx_proton_C_{p|e\gamma}=0, s=21.515844, theta_in=1.570795, phi_e_in=0, phi_p_in=3.1415927, qOut=0.25, phiOut=0, Q2=10.459815, xB=0.90143575, t=-9.2842473, theta(e',gamma)=96.833428 deg
    Ty proton:
    Ty_proton_C_{p|e\gamma}=0, s=21.515844, theta_in=1.570795, phi_e_in=0, phi_p_in=3.1415927, qOut=0.25, phiOut=0, Q2=10.459815, xB=0.90143575, t=-9.2842473, theta(e',gamma)=96.833428 deg
    Tx electron:
    Tx_electron_C_{p|e\gamma}=0, s=21.515844, theta_in=1.570795, phi_e_in=0, phi_p_in=3.1415927, qOut=0.25, phiOut=0, Q2=10.459815, xB=0.90143575, t=-9.2842473, theta(e',gamma)=96.833428 deg
    Ty electron:
    Ty_electron_C_{p|e\gamma}=0, s=21.515844, theta_in=1.570795, phi_e_in=0, phi_p_in=3.1415927, qOut=0.25, phiOut=0, Q2=10.459815, xB=0.90143575, t=-9.2842473, theta(e',gamma)=96.833428 deg
    L electron + L proton:
    LL_C_{p|e\gamma}=0.986760467951, s=21.515844, theta_in=1.570795, phi_e_in=4.712389, phi_p_in=1.5707963, qOut=1, phiOut=4.5160394, Q2=0.068646067, xB=0.0074683471, t=-4.9451682e-05, theta(e',gamma)=20.294458 deg
    L electron + Tx proton:
    LTx_C_{p|e\gamma}=0.999986664237, s=21.515844, theta_in=1.570795, phi_e_in=4.712389, phi_p_in=1.5707963, qOut=0.25, phiOut=1.5707963, Q2=1.5630125e-11, xB=1.4703866e-10, t=-0.01145834, theta(e',gamma)=180 deg
    L electron + Ty proton:
    LTy_C_{p|e\gamma}=0.999985943817, s=21.515844, theta_in=1.570795, phi_e_in=4.712389, phi_p_in=1.5707963, qOut=0.25, phiOut=1.5707963, Q2=1.5630125e-11, xB=1.4703866e-10, t=-0.01145834, theta(e',gamma)=180 deg
    Tx electron + Tx proton:
    TxTx_C_{p|e\gamma}=1, s=21.515844, theta_in=1.570795, phi_e_in=1.5707963, phi_p_in=4.712389, qOut=1, phiOut=1.5707963, Q2=19.152484, xB=0.96635, t=-10.542372, theta(e',gamma)=180 deg
    Tx electron + Ty proton:
    TxTy_C_{p|e\gamma}=1, s=21.515844, theta_in=1.570795, phi_e_in=4.712389, phi_p_in=1.5707963, qOut=1.8, phiOut=1.5707963, Q2=6.7006466e-09, xB=2.1969607e-09, t=-2.3671061, theta(e',gamma)=180 deg
  C_{\gamma|ep}:
    Unpolarized:
    unpolarized_C_{\gamma|ep}=0, s=21.515844, theta_in=1.570795, phi_e_in=0, phi_p_in=3.1415927, qOut=0.25, phiOut=0, Q2=10.459815, xB=0.90143575, t=-9.2842473, theta(e',gamma)=96.833428 deg
    L proton:
    L_proton_C_{\gamma|ep}=3.43697148403e-07, s=21.515844, theta_in=1.570795, phi_e_in=1.5707963, phi_p_in=4.712389, qOut=1.8, phiOut=4.712389, Q2=3.7763277, xB=0.18443613, t=-19.792134, theta(e',gamma)=0 deg
    L electron:
    L_electron_C_{\gamma|ep}=1.36571398227e-07, s=21.515844, theta_in=1.570795, phi_e_in=1.5707963, phi_p_in=4.712389, qOut=1.8, phiOut=4.712389, Q2=3.7763277, xB=0.18443613, t=-19.792134, theta(e',gamma)=0 deg
    Tx proton:
    Tx_proton_C_{\gamma|ep}=0, s=21.515844, theta_in=1.570795, phi_e_in=0, phi_p_in=3.1415927, qOut=0.25, phiOut=0, Q2=10.459815, xB=0.90143575, t=-9.2842473, theta(e',gamma)=96.833428 deg
    Ty proton:
    Ty_proton_C_{\gamma|ep}=0, s=21.515844, theta_in=1.570795, phi_e_in=0, phi_p_in=3.1415927, qOut=0.25, phiOut=0, Q2=10.459815, xB=0.90143575, t=-9.2842473, theta(e',gamma)=96.833428 deg
    Tx electron:
    Tx_electron_C_{\gamma|ep}=0, s=21.515844, theta_in=1.570795, phi_e_in=0, phi_p_in=3.1415927, qOut=0.25, phiOut=0, Q2=10.459815, xB=0.90143575, t=-9.2842473, theta(e',gamma)=96.833428 deg
    Ty electron:
    Ty_electron_C_{\gamma|ep}=0, s=21.515844, theta_in=1.570795, phi_e_in=0, phi_p_in=3.1415927, qOut=0.25, phiOut=0, Q2=10.459815, xB=0.90143575, t=-9.2842473, theta(e',gamma)=96.833428 deg
    L electron + L proton:
    LL_C_{\gamma|ep}=0.986759724123, s=21.515844, theta_in=1.570795, phi_e_in=4.712389, phi_p_in=1.5707963, qOut=1, phiOut=4.5160394, Q2=0.068646067, xB=0.0074683471, t=-4.9451682e-05, theta(e',gamma)=20.294458 deg
    L electron + Tx proton:
    LTx_C_{\gamma|ep}=0.999986664237, s=21.515844, theta_in=1.570795, phi_e_in=4.712389, phi_p_in=1.5707963, qOut=0.25, phiOut=1.5707963, Q2=1.5630125e-11, xB=1.4703866e-10, t=-0.01145834, theta(e',gamma)=180 deg
    L electron + Ty proton:
    LTy_C_{\gamma|ep}=0.999985943817, s=21.515844, theta_in=1.570795, phi_e_in=4.712389, phi_p_in=1.5707963, qOut=0.25, phiOut=1.5707963, Q2=1.5630125e-11, xB=1.4703866e-10, t=-0.01145834, theta(e',gamma)=180 deg
    Tx electron + Tx proton:
    TxTx_C_{\gamma|ep}=1, s=21.515844, theta_in=1.570795, phi_e_in=1.5707963, phi_p_in=4.712389, qOut=1, phiOut=4.712389, Q2=10.894464, xB=0.54009195, t=-19.792135, theta(e',gamma)=0 deg
    Tx electron + Ty proton:
    TxTy_C_{\gamma|ep}=1, s=21.515844, theta_in=1.570795, phi_e_in=4.712389, phi_p_in=1.5707963, qOut=1.8, phiOut=1.5707963, Q2=6.7006466e-09, xB=2.1969607e-09, t=-2.3671061, theta(e',gamma)=180 deg
  M_e:
    Unpolarized:
    unpolarized_M_e=-0, s=21.515844, theta_in=1.570795, phi_e_in=0, phi_p_in=3.1415927, qOut=0.25, phiOut=0, Q2=10.459815, xB=0.90143575, t=-9.2842473, theta(e',gamma)=96.833428 deg
    L proton:
    L_proton_M_e=9.85859763153e-14, s=21.515844, theta_in=1.570795, phi_e_in=1.5707963, phi_p_in=4.712389, qOut=0.25, phiOut=4.712389, Q2=17.567717, xB=0.88337801, t=-19.792135, theta(e',gamma)=0 deg
    L electron:
    L_electron_M_e=1.86517113808e-14, s=21.515844, theta_in=1.570795, phi_e_in=1.5707963, phi_p_in=4.712389, qOut=1.8, phiOut=4.712389, Q2=3.7763277, xB=0.18443613, t=-19.792134, theta(e',gamma)=0 deg
    Tx proton:
    Tx_proton_M_e=-0, s=21.515844, theta_in=1.570795, phi_e_in=0, phi_p_in=3.1415927, qOut=0.25, phiOut=0, Q2=10.459815, xB=0.90143575, t=-9.2842473, theta(e',gamma)=96.833428 deg
    Ty proton:
    Ty_proton_M_e=-0, s=21.515844, theta_in=1.570795, phi_e_in=0, phi_p_in=3.1415927, qOut=0.25, phiOut=0.09817477, Q2=10.505968, xB=0.91021835, t=-9.2283469, theta(e',gamma)=102.38793 deg
    Tx electron:
    Tx_electron_M_e=-0, s=21.515844, theta_in=1.570795, phi_e_in=3.9269908, phi_p_in=0.78539816, qOut=0.25, phiOut=1.7671459, Q2=3.0360453, xB=0.96043474, t=-2.5719758, theta(e',gamma)=170.01403 deg
    Ty electron:
    Ty_electron_M_e=-0, s=21.515844, theta_in=1.570795, phi_e_in=3.9269908, phi_p_in=0.78539816, qOut=0.25, phiOut=1.7671459, Q2=3.0360453, xB=0.96043474, t=-2.5719758, theta(e',gamma)=170.01403 deg
    L electron + L proton:
    LL_M_e=0.277849926982, s=21.515844, theta_in=1.570795, phi_e_in=1.9634954, phi_p_in=5.1050881, qOut=0.25, phiOut=1.9634954, Q2=19.026272, xB=0.99058084, t=-16.887929, theta(e',gamma)=159.98683 deg
    L electron + Tx proton:
    LTx_M_e=0.0100220244775, s=21.515844, theta_in=1.570795, phi_e_in=0.9817477, phi_p_in=4.1233404, qOut=0.25, phiOut=0.9817477, Q2=18.212106, xB=0.98526233, t=-16.165266, theta(e',gamma)=149.87783 deg
    L electron + Ty proton:
    LTy_M_e=0.0082445493265, s=21.515844, theta_in=1.570795, phi_e_in=1.5707963, phi_p_in=4.712389, qOut=0.25, phiOut=1.5707963, Q2=19.690182, xB=0.99463039, t=-17.477223, theta(e',gamma)=180 deg
    Tx electron + Tx proton:
    TxTx_M_e=1, s=21.515844, theta_in=1.570795, phi_e_in=1.5707963, phi_p_in=4.712389, qOut=0.25, phiOut=4.712389, Q2=17.567717, xB=0.88337801, t=-19.792135, theta(e',gamma)=0 deg
    Tx electron + Ty proton:
    TxTy_M_e=1, s=21.515844, theta_in=1.570795, phi_e_in=1.5707963, phi_p_in=4.712389, qOut=0.25, phiOut=4.712389, Q2=17.567717, xB=0.88337801, t=-19.792135, theta(e',gamma)=0 deg
  M_p:
    Unpolarized:
    unpolarized_M_p=-0, s=21.515844, theta_in=1.570795, phi_e_in=0, phi_p_in=3.1415927, qOut=0.25, phiOut=0, Q2=10.459815, xB=0.90143575, t=-9.2842473, theta(e',gamma)=96.833428 deg
    L proton:
    L_proton_M_p=1.1812772982e-13, s=21.515844, theta_in=1.570795, phi_e_in=1.5707963, phi_p_in=4.712389, qOut=1.8, phiOut=4.712389, Q2=3.7763277, xB=0.18443613, t=-19.792134, theta(e',gamma)=0 deg
    L electron:
    L_electron_M_p=1.95399252334e-14, s=21.515844, theta_in=1.570795, phi_e_in=1.5707963, phi_p_in=4.712389, qOut=1.8, phiOut=4.712389, Q2=3.7763277, xB=0.18443613, t=-19.792134, theta(e',gamma)=0 deg
    Tx proton:
    Tx_proton_M_p=-0, s=21.515844, theta_in=1.570795, phi_e_in=0, phi_p_in=3.1415927, qOut=0.25, phiOut=0, Q2=10.459815, xB=0.90143575, t=-9.2842473, theta(e',gamma)=96.833428 deg
    Ty proton:
    Ty_proton_M_p=-0, s=21.515844, theta_in=1.570795, phi_e_in=0, phi_p_in=3.1415927, qOut=0.25, phiOut=4.712389, Q2=8.7838586, xB=0.79111644, t=-9.8960674, theta(e',gamma)=0 deg
    Tx electron:
    Tx_electron_M_p=-0, s=21.515844, theta_in=1.570795, phi_e_in=0, phi_p_in=3.1415927, qOut=0.25, phiOut=0, Q2=10.459815, xB=0.90143575, t=-9.2842473, theta(e',gamma)=96.833428 deg
    Ty electron:
    Ty_electron_M_p=-0, s=21.515844, theta_in=1.570795, phi_e_in=0, phi_p_in=3.1415927, qOut=0.25, phiOut=0, Q2=10.459815, xB=0.90143575, t=-9.2842473, theta(e',gamma)=96.833428 deg
    L electron + L proton:
    LL_M_p=0.277849926974, s=21.515844, theta_in=1.570795, phi_e_in=1.9634954, phi_p_in=5.1050881, qOut=0.25, phiOut=1.9634954, Q2=19.026272, xB=0.99058084, t=-16.887929, theta(e',gamma)=159.98683 deg
    L electron + Tx proton:
    LTx_M_p=0.0100220244775, s=21.515844, theta_in=1.570795, phi_e_in=0.9817477, phi_p_in=4.1233404, qOut=0.25, phiOut=0.9817477, Q2=18.212106, xB=0.98526233, t=-16.165266, theta(e',gamma)=149.87783 deg
    L electron + Ty proton:
    LTy_M_p=0.0082445493265, s=21.515844, theta_in=1.570795, phi_e_in=1.5707963, phi_p_in=4.712389, qOut=0.25, phiOut=1.5707963, Q2=19.690182, xB=0.99463039, t=-17.477223, theta(e',gamma)=180 deg
    Tx electron + Tx proton:
    TxTx_M_p=1, s=21.515844, theta_in=1.570795, phi_e_in=1.5707963, phi_p_in=4.712389, qOut=0.25, phiOut=4.712389, Q2=17.567717, xB=0.88337801, t=-19.792135, theta(e',gamma)=0 deg
    Tx electron + Ty proton:
    TxTy_M_p=1, s=21.515844, theta_in=1.570795, phi_e_in=1.5707963, phi_p_in=4.712389, qOut=0.25, phiOut=4.712389, Q2=17.567717, xB=0.88337801, t=-19.792135, theta(e',gamma)=0 deg
  M_\gamma:
    Unpolarized:
    unpolarized_M_\gamma=-0, s=21.515844, theta_in=1.570795, phi_e_in=0, phi_p_in=3.1415927, qOut=0.25, phiOut=0, Q2=10.459815, xB=0.90143575, t=-9.2842473, theta(e',gamma)=96.833428 deg
    L proton:
    L_proton_M_\gamma=1.18127694387e-13, s=21.515844, theta_in=1.570795, phi_e_in=1.5707963, phi_p_in=4.712389, qOut=1.8, phiOut=4.712389, Q2=3.7763277, xB=0.18443613, t=-19.792134, theta(e',gamma)=0 deg
    L electron:
    L_electron_M_\gamma=1.86517113808e-14, s=21.515844, theta_in=1.570795, phi_e_in=1.5707963, phi_p_in=4.712389, qOut=1.8, phiOut=4.712389, Q2=3.7763277, xB=0.18443613, t=-19.792134, theta(e',gamma)=0 deg
    Tx proton:
    Tx_proton_M_\gamma=-0, s=21.515844, theta_in=1.570795, phi_e_in=0, phi_p_in=3.1415927, qOut=0.25, phiOut=0, Q2=10.459815, xB=0.90143575, t=-9.2842473, theta(e',gamma)=96.833428 deg
    Ty proton:
    Ty_proton_M_\gamma=-0, s=21.515844, theta_in=1.570795, phi_e_in=0, phi_p_in=3.1415927, qOut=0.25, phiOut=0, Q2=10.459815, xB=0.90143575, t=-9.2842473, theta(e',gamma)=96.833428 deg
    Tx electron:
    Tx_electron_M_\gamma=-0, s=21.515844, theta_in=1.570795, phi_e_in=3.9269908, phi_p_in=0.78539816, qOut=0.25, phiOut=1.7671459, Q2=3.0360453, xB=0.96043474, t=-2.5719758, theta(e',gamma)=170.01403 deg
    Ty electron:
    Ty_electron_M_\gamma=-0, s=21.515844, theta_in=1.570795, phi_e_in=3.9269908, phi_p_in=0.78539816, qOut=0.25, phiOut=1.7671459, Q2=3.0360453, xB=0.96043474, t=-2.5719758, theta(e',gamma)=170.01403 deg
    L electron + L proton:
    LL_M_\gamma=0.277849925001, s=21.515844, theta_in=1.570795, phi_e_in=1.9634954, phi_p_in=5.1050881, qOut=0.25, phiOut=1.9634954, Q2=19.026272, xB=0.99058084, t=-16.887929, theta(e',gamma)=159.98683 deg
    L electron + Tx proton:
    LTx_M_\gamma=0.0100220243879, s=21.515844, theta_in=1.570795, phi_e_in=0.9817477, phi_p_in=4.1233404, qOut=0.25, phiOut=0.9817477, Q2=18.212106, xB=0.98526233, t=-16.165266, theta(e',gamma)=149.87783 deg
    L electron + Ty proton:
    LTy_M_\gamma=0.0082445493265, s=21.515844, theta_in=1.570795, phi_e_in=1.5707963, phi_p_in=4.712389, qOut=0.25, phiOut=1.5707963, Q2=19.690182, xB=0.99463039, t=-17.477223, theta(e',gamma)=180 deg
    Tx electron + Tx proton:
    TxTx_M_\gamma=1, s=21.515844, theta_in=1.570795, phi_e_in=1.5707963, phi_p_in=4.712389, qOut=0.25, phiOut=4.712389, Q2=17.567717, xB=0.88337801, t=-19.792135, theta(e',gamma)=0 deg
    Tx electron + Ty proton:
    TxTy_M_\gamma=1, s=21.515844, theta_in=1.570795, phi_e_in=1.5707963, phi_p_in=4.712389, qOut=0.25, phiOut=4.712389, Q2=17.567717, xB=0.88337801, t=-19.792135, theta(e',gamma)=0 deg
  F_3:
    Unpolarized:
    unpolarized_F_3=0, s=21.515844, theta_in=1.570795, phi_e_in=0, phi_p_in=3.1415927, qOut=0.25, phiOut=0, Q2=10.459815, xB=0.90143575, t=-9.2842473, theta(e',gamma)=96.833428 deg
    L proton:
    L_proton_F_3=1.10667351865e-13, s=21.515844, theta_in=1.570795, phi_e_in=1.5707963, phi_p_in=4.712389, qOut=1.8, phiOut=4.712389, Q2=3.7763277, xB=0.18443613, t=-19.792134, theta(e',gamma)=0 deg
    L electron:
    L_electron_F_3=1.89385521685e-14, s=21.515844, theta_in=1.570795, phi_e_in=1.5707963, phi_p_in=4.712389, qOut=1.8, phiOut=4.712389, Q2=3.7763277, xB=0.18443613, t=-19.792134, theta(e',gamma)=0 deg
    Tx proton:
    Tx_proton_F_3=0, s=21.515844, theta_in=1.570795, phi_e_in=0, phi_p_in=3.1415927, qOut=0.25, phiOut=0, Q2=10.459815, xB=0.90143575, t=-9.2842473, theta(e',gamma)=96.833428 deg
    Ty proton:
    Ty_proton_F_3=0, s=21.515844, theta_in=1.570795, phi_e_in=0, phi_p_in=3.1415927, qOut=0.25, phiOut=0, Q2=10.459815, xB=0.90143575, t=-9.2842473, theta(e',gamma)=96.833428 deg
    Tx electron:
    Tx_electron_F_3=0, s=21.515844, theta_in=1.570795, phi_e_in=0, phi_p_in=3.1415927, qOut=0.25, phiOut=0, Q2=10.459815, xB=0.90143575, t=-9.2842473, theta(e',gamma)=96.833428 deg
    Ty electron:
    Ty_electron_F_3=0, s=21.515844, theta_in=1.570795, phi_e_in=0, phi_p_in=3.1415927, qOut=0.25, phiOut=0, Q2=10.459815, xB=0.90143575, t=-9.2842473, theta(e',gamma)=96.833428 deg
    L electron + L proton:
    LL_F_3=0.56860705571, s=21.515844, theta_in=1.570795, phi_e_in=1.9634954, phi_p_in=5.1050881, qOut=0.25, phiOut=1.9634954, Q2=19.026272, xB=0.99058084, t=-16.887929, theta(e',gamma)=159.98683 deg
    L electron + Tx proton:
    LTx_F_3=0.0167652876429, s=21.515844, theta_in=1.570795, phi_e_in=0.88357293, phi_p_in=4.0251656, qOut=0.25, phiOut=0.88357293, Q2=17.692367, xB=0.98164411, t=-15.70394, theta(e',gamma)=144.78032 deg
    L electron + Ty proton:
    LTy_F_3=0.0135279990386, s=21.515844, theta_in=1.570795, phi_e_in=1.5707963, phi_p_in=4.712389, qOut=0.25, phiOut=1.5707963, Q2=19.690182, xB=0.99463039, t=-17.477223, theta(e',gamma)=180 deg
    Tx electron + Tx proton:
    TxTx_F_3=1, s=21.515844, theta_in=1.570795, phi_e_in=1.5707963, phi_p_in=4.712389, qOut=0.25, phiOut=4.712389, Q2=17.567717, xB=0.88337801, t=-19.792135, theta(e',gamma)=0 deg
    Tx electron + Ty proton:
    TxTy_F_3=1, s=21.515844, theta_in=1.570795, phi_e_in=1.5707963, phi_p_in=4.712389, qOut=0.25, phiOut=4.712389, Q2=17.567717, xB=0.88337801, t=-19.792135, theta(e',gamma)=0 deg
  P_{\rm GHZ+}:
    Unpolarized:
    unpolarized_P_{\rm GHZ+}=0.482723835732, s=21.515844, theta_in=1.570795, phi_e_in=1.5707963, phi_p_in=4.712389, qOut=1.8, phiOut=1.9634954, Q2=16.283943, xB=0.84196461, t=-3.2513154, theta(e',gamma)=178.8158 deg
    L proton:
    L_proton_P_{\rm GHZ+}=0.482723835732, s=21.515844, theta_in=1.570795, phi_e_in=1.5707963, phi_p_in=4.712389, qOut=1.8, phiOut=1.1780972, Q2=16.283943, xB=0.84196461, t=-3.2513154, theta(e',gamma)=178.8158 deg
    L electron:
    L_electron_P_{\rm GHZ+}=0.482723835732, s=21.515844, theta_in=1.570795, phi_e_in=1.5707963, phi_p_in=4.712389, qOut=1.8, phiOut=1.9634954, Q2=16.283943, xB=0.84196461, t=-3.2513154, theta(e',gamma)=178.8158 deg
    Tx proton:
    Tx_proton_P_{\rm GHZ+}=0.482723835732, s=21.515844, theta_in=1.570795, phi_e_in=1.5707963, phi_p_in=4.712389, qOut=1.8, phiOut=1.1780972, Q2=16.283943, xB=0.84196461, t=-3.2513154, theta(e',gamma)=178.8158 deg
    Ty proton:
    Ty_proton_P_{\rm GHZ+}=0.482723835732, s=21.515844, theta_in=1.570795, phi_e_in=1.5707963, phi_p_in=4.712389, qOut=1.8, phiOut=1.1780972, Q2=16.283943, xB=0.84196461, t=-3.2513154, theta(e',gamma)=178.8158 deg
    Tx electron:
    Tx_electron_P_{\rm GHZ+}=0.482723835732, s=21.515844, theta_in=1.570795, phi_e_in=1.5707963, phi_p_in=4.712389, qOut=1.8, phiOut=1.1780972, Q2=16.283943, xB=0.84196461, t=-3.2513154, theta(e',gamma)=178.8158 deg
    Ty electron:
    Ty_electron_P_{\rm GHZ+}=0.482723835732, s=21.515844, theta_in=1.570795, phi_e_in=1.5707963, phi_p_in=4.712389, qOut=1.8, phiOut=1.9634954, Q2=16.283943, xB=0.84196461, t=-3.2513154, theta(e',gamma)=178.8158 deg
    L electron + L proton:
    LL_P_{\rm GHZ+}=0.489608142393, s=21.515844, theta_in=1.570795, phi_e_in=1.6689711, phi_p_in=4.8105638, qOut=1.8, phiOut=6.1850105, Q2=8.3671967, xB=0.68442323, t=-5.0966846, theta(e',gamma)=166.46183 deg
    L electron + Tx proton:
    LTx_P_{\rm GHZ+}=0.485167081446, s=21.515844, theta_in=1.570795, phi_e_in=1.5707963, phi_p_in=4.712389, qOut=1.8, phiOut=2.0616702, Q2=15.96403, xB=0.83912258, t=-3.2715701, theta(e',gamma)=178.4829 deg
    L electron + Ty proton:
    LTy_P_{\rm GHZ+}=0.482716501368, s=21.515844, theta_in=1.570795, phi_e_in=1.5707963, phi_p_in=4.712389, qOut=1.8, phiOut=1.1780972, Q2=16.283943, xB=0.84196461, t=-3.2513154, theta(e',gamma)=178.8158 deg
    Tx electron + Tx proton:
    TxTx_P_{\rm GHZ+}=0.885909114836, s=21.515844, theta_in=1.570795, phi_e_in=2.552544, phi_p_in=5.6941367, qOut=1.8, phiOut=5.0069133, Q2=1.5111297, xB=0.091384852, t=-14.035322, theta(e',gamma)=76.628607 deg
    Tx electron + Ty proton:
    TxTy_P_{\rm GHZ+}=0.95803973973, s=21.515844, theta_in=1.570795, phi_e_in=1.1780972, phi_p_in=4.3196899, qOut=1.8, phiOut=4.5160394, Q2=3.1747027, xB=0.16626256, t=-18.257788, theta(e',gamma)=54.940203 deg
  P_W:
    Unpolarized:
    unpolarized_P_W=0.280577028834, s=21.515844, theta_in=1.570795, phi_e_in=4.712389, phi_p_in=1.5707963, qOut=1.8, phiOut=4.8105638, Q2=0.16184727, xB=0.0097146135, t=-8.3795731e-05, theta(e',gamma)=28.926853 deg
    L proton:
    L_proton_P_W=0.165805926648, s=21.515844, theta_in=1.570795, phi_e_in=4.712389, phi_p_in=1.5707963, qOut=0.25, phiOut=1.5707963, Q2=1.5630125e-11, xB=1.4703866e-10, t=-0.01145834, theta(e',gamma)=180 deg
    L electron:
    L_electron_P_W=0.333315734944, s=21.515844, theta_in=1.570795, phi_e_in=1.5707963, phi_p_in=4.712389, qOut=1.8, phiOut=1.5707963, Q2=16.866894, xB=0.8468653, t=-3.2181938, theta(e',gamma)=180 deg
    Tx proton:
    Tx_proton_P_W=0.434771119417, s=21.515844, theta_in=1.570795, phi_e_in=4.712389, phi_p_in=1.5707963, qOut=0.25, phiOut=5.2032628, Q2=0.015536189, xB=0.0071007148, t=-4.4883824e-05, theta(e',gamma)=31.519666 deg
    Ty proton:
    Ty_proton_P_W=0.280485895541, s=21.515844, theta_in=1.570795, phi_e_in=5.7923115, phi_p_in=2.6507188, qOut=0.25, phiOut=5.7923115, Q2=5.6955186, xB=0.77230891, t=-5.0554051, theta(e',gamma)=68.069149 deg
    Tx electron:
    Tx_electron_P_W=0.33325538579, s=21.515844, theta_in=1.570795, phi_e_in=4.8105638, phi_p_in=1.6689711, qOut=1, phiOut=4.8105638, Q2=0.086399486, xB=0.0092657651, t=-0.047558037, theta(e',gamma)=10.200877 deg
    Ty electron:
    Ty_electron_P_W=0.307236968394, s=21.515844, theta_in=1.570795, phi_e_in=5.988661, phi_p_in=2.8470683, qOut=1.8, phiOut=4.712389, Q2=1.3400594, xB=0.074287939, t=-7.0233903, theta(e',gamma)=0 deg
    L electron + L proton:
    LL_P_W=0.329183895179, s=21.515844, theta_in=1.570795, phi_e_in=3.0434179, phi_p_in=6.1850105, qOut=1.8, phiOut=3.0434179, Q2=16.385406, xB=0.82650266, t=-3.126326, theta(e',gamma)=170.72563 deg
    L electron + Tx proton:
    LTx_P_W=0.333315745517, s=21.515844, theta_in=1.570795, phi_e_in=1.5707963, phi_p_in=4.712389, qOut=1.8, phiOut=1.5707963, Q2=16.866894, xB=0.8468653, t=-3.2181938, theta(e',gamma)=180 deg
    L electron + Ty proton:
    LTy_P_W=0.334463256944, s=21.515844, theta_in=1.570795, phi_e_in=3.1415927, phi_p_in=0, qOut=1, phiOut=3.1415927, Q2=12.615875, xB=0.77773183, t=-6.9443343, theta(e',gamma)=123.00625 deg
    Tx electron + Tx proton:
    TxTx_P_W=0.584022545024, s=21.515844, theta_in=1.570795, phi_e_in=5.1050881, phi_p_in=1.9634954, qOut=1, phiOut=5.1050881, Q2=1.3268618, xB=0.13258809, t=-0.73036322, theta(e',gamma)=39.774469 deg
    Tx electron + Ty proton:
    TxTy_P_W=0.501605112797, s=21.515844, theta_in=1.570795, phi_e_in=5.4977871, phi_p_in=2.3561945, qOut=1, phiOut=5.4977871, Q2=4.6945803, xB=0.39579507, t=-2.5841041, theta(e',gamma)=74.144742 deg
  aligned <hOut*lambda> range: -1 to 0.929708
  saved full csv: Output/AlignmentScan/electron/electron_photon_spin_correlation_phase_space.csv
  saved aligned csv: Output/AlignmentScan/electron/electron_photon_spin_correlation_aligned.csv
  saved concurrence full csv: Output/AlignmentScan/electron/ConcurrenceScan/electron_photon_concurrence_phase_space.csv
  saved concurrence aligned csv: Output/AlignmentScan/electron/ConcurrenceScan/electron_photon_concurrence_aligned.csv
  saved ranked concurrence csv: Output/AlignmentScan/electron/ConcurrenceScan/electron_photon_concurrence_top.csv
  saved ranked lepton-photon csv: Output/AlignmentScan/electron/ConcurrenceScan/electron_photon_e_gamma_top.csv
  saved unpolarized concurrence plot: Output/AlignmentScan/electron/ConcurrenceScan/concurrence_scan_unpolarized.pdf
  saved l proton concurrence plot: Output/AlignmentScan/electron/ConcurrenceScan/concurrence_scan_L_proton.pdf
  saved l electron concurrence plot: Output/AlignmentScan/electron/ConcurrenceScan/concurrence_scan_L_electron.pdf
  saved tx proton concurrence plot: Output/AlignmentScan/electron/ConcurrenceScan/concurrence_scan_Tx_proton.pdf
  saved ty proton concurrence plot: Output/AlignmentScan/electron/ConcurrenceScan/concurrence_scan_Ty_proton.pdf
  saved tx electron concurrence plot: Output/AlignmentScan/electron/ConcurrenceScan/concurrence_scan_Tx_electron.pdf
  saved ty electron concurrence plot: Output/AlignmentScan/electron/ConcurrenceScan/concurrence_scan_Ty_electron.pdf
  saved l electron + l proton concurrence plot: Output/AlignmentScan/electron/ConcurrenceScan/concurrence_scan_LL.pdf
  saved l electron + tx proton concurrence plot: Output/AlignmentScan/electron/ConcurrenceScan/concurrence_scan_LTx.pdf
  saved l electron + ty proton concurrence plot: Output/AlignmentScan/electron/ConcurrenceScan/concurrence_scan_LTy.pdf
  saved tx electron + tx proton concurrence plot: Output/AlignmentScan/electron/ConcurrenceScan/concurrence_scan_TxTx.pdf
  saved tx electron + ty proton concurrence plot: Output/AlignmentScan/electron/ConcurrenceScan/concurrence_scan_TxTy.pdf

Saved log: Output/AlignmentScan/electron/AlignmentScan.log
