AlignmentScan-style entanglement phase-space scan (muon)
  random seed: 271828
  parallel workers: 10
  muon mass: 0.1056583755 GeV
  threshold: sqrt(s)=1.04365838 GeV
  ranges: sqrt(s)=(1.095841294275, 5.0) GeV, s=(1.2008681422383072, 25.0), theta_in=(0.35, 2.8)
  qOut fraction of kinematic maximum: (0.05, 0.95)
  phase-space valid samples: 8192/8192
  observables: C_{mup}, C_{mu\gamma}, C_{p\gamma}, C_{mu|p\gamma}, C_{p|mu\gamma}, C_{\gamma|mup}, M_mu, M_p, M_\gamma, F_3, P_{\rm GHZ+}, P_W
  polarization cases: 12
  AlignmentScan seed samples: 144/144
  refinement valid samples: 4096/4096
  total valid samples: 12432
  best points by observable and polarization:
  C_{mup}:
    Unpolarized [unpolarized]: 0.46396871, sqrt(s)=1.189614, theta=1.729984, qOut=0.001036228, phi_lepton=1.808404, phi_gamma=3.692244
    L proton [L_proton]: 0.70358432, sqrt(s)=1.137806, theta=1.586325, qOut=0.001538328, phi_lepton=1.623813, phi_gamma=1.948789
    L muon [L_electron]: 0.7032704, sqrt(s)=1.137806, theta=1.586325, qOut=0.001538328, phi_lepton=1.623813, phi_gamma=1.948789
    Tx proton [Tx_proton]: 0.59325681, sqrt(s)=1.189614, theta=1.729984, qOut=0.001036228, phi_lepton=1.808404, phi_gamma=3.692244
    Ty proton [Ty_proton]: 0.56598542, sqrt(s)=1.158475, theta=1.865567, qOut=0.0008491988, phi_lepton=1.454445, phi_gamma=1.707111
    Tx muon [Tx_electron]: 0.5947094, sqrt(s)=1.215037, theta=1.479694, qOut=0.05688469, phi_lepton=2.018551, phi_gamma=1.470858
    Ty muon [Ty_electron]: 0.59627337, sqrt(s)=1.158475, theta=1.865567, qOut=0.0008491988, phi_lepton=1.454445, phi_gamma=1.707111
    L muon + L proton [LL]: 0.98290701, sqrt(s)=1.118819, theta=1.456781, qOut=0.0005953945, phi_lepton=1.683061, phi_gamma=1.707732
    L muon + Tx proton [LTx]: 0.98437745, sqrt(s)=4.660298, theta=1.546072, qOut=1.841053, phi_lepton=1.342563, phi_gamma=1.370286
    L muon + Ty proton [LTy]: 0.98433346, sqrt(s)=4.660298, theta=1.546072, qOut=1.841053, phi_lepton=1.342563, phi_gamma=1.370286
    Tx muon + Tx proton [TxTx]: 0.99988727, sqrt(s)=2.520503, theta=1.324833, qOut=0.01071703, phi_lepton=1.589073, phi_gamma=0.09174731
    Tx muon + Ty proton [TxTy]: 0.99985166, sqrt(s)=1.839033, theta=1.816122, qOut=0.004443215, phi_lepton=1.876023, phi_gamma=0.6078729
  C_{mu\gamma}:
    Unpolarized [unpolarized]: 0, sqrt(s)=1.398153, theta=2.214246, qOut=0.03765902, phi_lepton=2.629976, phi_gamma=1.473632
    L proton [L_proton]: 0.68921546, sqrt(s)=1.494966, theta=1.53257, qOut=0.04883422, phi_lepton=2.146518, phi_gamma=4.6998
    L muon [L_electron]: 0.77493719, sqrt(s)=1.095841, theta=1.631859, qOut=0.04312142, phi_lepton=5.805889, phi_gamma=4.145484
    Tx proton [Tx_proton]: 0.29191694, sqrt(s)=1.119036, theta=1.573456, qOut=0.05093087, phi_lepton=6.072961, phi_gamma=4.509776
    Ty proton [Ty_proton]: 0.23568877, sqrt(s)=1.175766, theta=1.636354, qOut=0.09445286, phi_lepton=0.6564058, phi_gamma=5.292742
    Tx muon [Tx_electron]: 0.9993493, sqrt(s)=4.735962, theta=1.6396, qOut=1.338998, phi_lepton=4.870279, phi_gamma=4.701772
    Ty muon [Ty_electron]: 0.99819993, sqrt(s)=4.638517, theta=1.570795, qOut=1.8, phi_lepton=4.417865, phi_gamma=4.712389
    L muon + L proton [LL]: 0.83454912, sqrt(s)=1.119036, theta=1.573456, qOut=0.05093087, phi_lepton=6.072961, phi_gamma=4.509776
    L muon + Tx proton [LTx]: 0.83525305, sqrt(s)=1.095841, theta=1.631859, qOut=0.04312142, phi_lepton=5.805889, phi_gamma=4.145484
    L muon + Ty proton [LTy]: 0.91024067, sqrt(s)=1.095841, theta=1.631859, qOut=0.04312142, phi_lepton=5.805889, phi_gamma=4.145484
    Tx muon + Tx proton [TxTx]: 0.99945437, sqrt(s)=4.735962, theta=1.6396, qOut=1.338998, phi_lepton=4.870279, phi_gamma=4.701772
    Tx muon + Ty proton [TxTy]: 0.99932437, sqrt(s)=4.735962, theta=1.6396, qOut=1.338998, phi_lepton=4.870279, phi_gamma=4.701772
  C_{p\gamma}:
    Unpolarized [unpolarized]: 5.5511151e-17, sqrt(s)=4.638517, theta=1.570795, qOut=1.8, phi_lepton=1.570796, phi_gamma=4.712389
    L proton [L_proton]: 0.64240121, sqrt(s)=1.143406, theta=2.089316, qOut=0.07477281, phi_lepton=4.47137, phi_gamma=1.185617
    L muon [L_electron]: 0.50461696, sqrt(s)=1.345604, theta=2.061166, qOut=0.1882067, phi_lepton=4.831372, phi_gamma=0.6739176
    Tx proton [Tx_proton]: 0.99998663, sqrt(s)=4.638517, theta=1.570795, qOut=0.25, phi_lepton=4.712389, phi_gamma=1.570796
    Ty proton [Ty_proton]: 0.99998662, sqrt(s)=4.638517, theta=1.570795, qOut=0.25, phi_lepton=4.712389, phi_gamma=1.570796
    Tx muon [Tx_electron]: 0.38767742, sqrt(s)=4.638517, theta=1.570795, qOut=1.8, phi_lepton=4.712389, phi_gamma=4.810564
    Ty muon [Ty_electron]: 0.30966634, sqrt(s)=1.291251, theta=1.912679, qOut=0.1592157, phi_lepton=1.15662, phi_gamma=1.261375
    L muon + L proton [LL]: 0.95678038, sqrt(s)=4.638517, theta=1.570795, qOut=1.8, phi_lepton=1.472622, phi_gamma=1.472622
    L muon + Tx proton [LTx]: 0.99998663, sqrt(s)=4.638517, theta=1.570795, qOut=0.25, phi_lepton=4.712389, phi_gamma=1.570796
    L muon + Ty proton [LTy]: 0.99998591, sqrt(s)=4.638517, theta=1.570795, qOut=0.25, phi_lepton=4.712389, phi_gamma=1.570796
    Tx muon + Tx proton [TxTx]: 0.99998663, sqrt(s)=4.638517, theta=1.570795, qOut=0.25, phi_lepton=4.712389, phi_gamma=1.570796
    Tx muon + Ty proton [TxTy]: 0.99998662, sqrt(s)=4.638517, theta=1.570795, qOut=0.25, phi_lepton=4.712389, phi_gamma=1.570796
  C_{mu|p\gamma}:
    Unpolarized [unpolarized]: 0, sqrt(s)=1.398153, theta=2.214246, qOut=0.03765902, phi_lepton=2.629976, phi_gamma=1.473632
    L proton [L_proton]: 0, sqrt(s)=1.398153, theta=2.214246, qOut=0.03765902, phi_lepton=2.629976, phi_gamma=1.473632
    L muon [L_electron]: 0, sqrt(s)=1.398153, theta=2.214246, qOut=0.03765902, phi_lepton=2.629976, phi_gamma=1.473632
    Tx proton [Tx_proton]: 0, sqrt(s)=1.398153, theta=2.214246, qOut=0.03765902, phi_lepton=2.629976, phi_gamma=1.473632
    Ty proton [Ty_proton]: 0, sqrt(s)=1.398153, theta=2.214246, qOut=0.03765902, phi_lepton=2.629976, phi_gamma=1.473632
    Tx muon [Tx_electron]: 0, sqrt(s)=1.398153, theta=2.214246, qOut=0.03765902, phi_lepton=2.629976, phi_gamma=1.473632
    Ty muon [Ty_electron]: 0, sqrt(s)=1.398153, theta=2.214246, qOut=0.03765902, phi_lepton=2.629976, phi_gamma=1.473632
    L muon + L proton [LL]: 0.99683699, sqrt(s)=1.228509, theta=1.728003, qOut=0.1247798, phi_lepton=1.905458, phi_gamma=1.819335
    L muon + Tx proton [LTx]: 0.99995136, sqrt(s)=1.148697, theta=1.208452, qOut=0.07806779, phi_lepton=1.973022, phi_gamma=4.332679
    L muon + Ty proton [LTy]: 0.99980173, sqrt(s)=4.809162, theta=1.558469, qOut=1.661452, phi_lepton=1.478926, phi_gamma=1.450416
    Tx muon + Tx proton [TxTx]: 0.99999956, sqrt(s)=4.638517, theta=1.570795, qOut=0.25, phi_lepton=1.570796, phi_gamma=2.650719
    Tx muon + Ty proton [TxTy]: 0.99999936, sqrt(s)=4.638517, theta=1.570795, qOut=0.25, phi_lepton=1.570796, phi_gamma=1.570796
  C_{p|mu\gamma}:
    Unpolarized [unpolarized]: 0, sqrt(s)=1.398153, theta=2.214246, qOut=0.03765902, phi_lepton=2.629976, phi_gamma=1.473632
    L proton [L_proton]: 0, sqrt(s)=1.398153, theta=2.214246, qOut=0.03765902, phi_lepton=2.629976, phi_gamma=1.473632
    L muon [L_electron]: 0, sqrt(s)=1.398153, theta=2.214246, qOut=0.03765902, phi_lepton=2.629976, phi_gamma=1.473632
    Tx proton [Tx_proton]: 0, sqrt(s)=1.398153, theta=2.214246, qOut=0.03765902, phi_lepton=2.629976, phi_gamma=1.473632
    Ty proton [Ty_proton]: 0, sqrt(s)=1.398153, theta=2.214246, qOut=0.03765902, phi_lepton=2.629976, phi_gamma=1.473632
    Tx muon [Tx_electron]: 0, sqrt(s)=1.398153, theta=2.214246, qOut=0.03765902, phi_lepton=2.629976, phi_gamma=1.473632
    Ty muon [Ty_electron]: 0, sqrt(s)=1.398153, theta=2.214246, qOut=0.03765902, phi_lepton=2.629976, phi_gamma=1.473632
    L muon + L proton [LL]: 0.99846533, sqrt(s)=1.228509, theta=1.728003, qOut=0.1247798, phi_lepton=1.905458, phi_gamma=1.819335
    L muon + Tx proton [LTx]: 0.99998663, sqrt(s)=4.638517, theta=1.570795, qOut=0.25, phi_lepton=4.712389, phi_gamma=1.570796
    L muon + Ty proton [LTy]: 0.99998591, sqrt(s)=4.638517, theta=1.570795, qOut=0.25, phi_lepton=4.712389, phi_gamma=1.570796
    Tx muon + Tx proton [TxTx]: 1, sqrt(s)=4.638517, theta=1.570795, qOut=1.8, phi_lepton=1.570796, phi_gamma=4.712389
    Tx muon + Ty proton [TxTy]: 1, sqrt(s)=4.638517, theta=1.570795, qOut=1.8, phi_lepton=4.712389, phi_gamma=1.570796
  C_{\gamma|mup}:
    Unpolarized [unpolarized]: 0, sqrt(s)=1.398153, theta=2.214246, qOut=0.03765902, phi_lepton=2.629976, phi_gamma=1.473632
    L proton [L_proton]: 0, sqrt(s)=1.398153, theta=2.214246, qOut=0.03765902, phi_lepton=2.629976, phi_gamma=1.473632
    L muon [L_electron]: 0, sqrt(s)=1.398153, theta=2.214246, qOut=0.03765902, phi_lepton=2.629976, phi_gamma=1.473632
    Tx proton [Tx_proton]: 0, sqrt(s)=1.398153, theta=2.214246, qOut=0.03765902, phi_lepton=2.629976, phi_gamma=1.473632
    Ty proton [Ty_proton]: 0, sqrt(s)=1.398153, theta=2.214246, qOut=0.03765902, phi_lepton=2.629976, phi_gamma=1.473632
    Tx muon [Tx_electron]: 0, sqrt(s)=1.398153, theta=2.214246, qOut=0.03765902, phi_lepton=2.629976, phi_gamma=1.473632
    Ty muon [Ty_electron]: 0, sqrt(s)=1.398153, theta=2.214246, qOut=0.03765902, phi_lepton=2.629976, phi_gamma=1.473632
    L muon + L proton [LL]: 0.98691597, sqrt(s)=1.095841, theta=1.631859, qOut=0.04312142, phi_lepton=5.805889, phi_gamma=4.145484
    L muon + Tx proton [LTx]: 0.99998663, sqrt(s)=4.638517, theta=1.570795, qOut=0.25, phi_lepton=4.712389, phi_gamma=1.570796
    L muon + Ty proton [LTy]: 0.99998591, sqrt(s)=4.638517, theta=1.570795, qOut=0.25, phi_lepton=4.712389, phi_gamma=1.570796
    Tx muon + Tx proton [TxTx]: 1, sqrt(s)=4.638517, theta=1.570795, qOut=1.8, phi_lepton=1.570796, phi_gamma=4.712389
    Tx muon + Ty proton [TxTy]: 1, sqrt(s)=4.638517, theta=1.570795, qOut=1.8, phi_lepton=4.712389, phi_gamma=1.570796
  M_mu:
    Unpolarized [unpolarized]: -0, sqrt(s)=4.342254, theta=2.535802, qOut=0.1483704, phi_lepton=4.653083, phi_gamma=5.117271
    L proton [L_proton]: -0, sqrt(s)=2.690345, theta=1.652153, qOut=0.6741394, phi_lepton=4.798413, phi_gamma=5.837652
    L muon [L_electron]: -5.2754247e-19, sqrt(s)=4.638517, theta=1.570795, qOut=0.25, phi_lepton=4.712389, phi_gamma=1.570796
    Tx proton [Tx_proton]: -0, sqrt(s)=1.677011, theta=1.790026, qOut=0.240331, phi_lepton=4.115039, phi_gamma=2.801507
    Ty proton [Ty_proton]: -0, sqrt(s)=1.677011, theta=1.790026, qOut=0.240331, phi_lepton=4.115039, phi_gamma=2.801507
    Tx muon [Tx_electron]: -0, sqrt(s)=1.560941, theta=1.103312, qOut=0.2186462, phi_lepton=3.693326, phi_gamma=0.9862722
    Ty muon [Ty_electron]: -0, sqrt(s)=1.560941, theta=1.103312, qOut=0.2186462, phi_lepton=3.693326, phi_gamma=0.9862722
    L muon + L proton [LL]: 0.47257729, sqrt(s)=4.638517, theta=1.570795, qOut=0.25, phi_lepton=1.472622, phi_gamma=1.472622
    L muon + Tx proton [LTx]: 0.42741235, sqrt(s)=1.212364, theta=1.67749, qOut=0.05102983, phi_lepton=0.7391278, phi_gamma=0.8631334
    L muon + Ty proton [LTy]: 0.4063947, sqrt(s)=1.23795, theta=1.718438, qOut=0.130052, phi_lepton=1.869413, phi_gamma=1.917739
    Tx muon + Tx proton [TxTx]: 0.99999871, sqrt(s)=4.638517, theta=1.570795, qOut=0.25, phi_lepton=1.570796, phi_gamma=1.570796
    Tx muon + Ty proton [TxTy]: 0.99999871, sqrt(s)=4.638517, theta=1.570795, qOut=0.25, phi_lepton=1.570796, phi_gamma=1.570796
  M_p:
    Unpolarized [unpolarized]: -0, sqrt(s)=4.342254, theta=2.535802, qOut=0.1483704, phi_lepton=4.653083, phi_gamma=5.117271
    L proton [L_proton]: -0, sqrt(s)=4.105056, theta=0.5412003, qOut=0.5733133, phi_lepton=1.112111, phi_gamma=4.774686
    L muon [L_electron]: -0, sqrt(s)=4.342254, theta=2.535802, qOut=0.1483704, phi_lepton=4.653083, phi_gamma=5.117271
    Tx proton [Tx_proton]: -0, sqrt(s)=4.105056, theta=0.5412003, qOut=0.5733133, phi_lepton=1.112111, phi_gamma=4.774686
    Ty proton [Ty_proton]: -0, sqrt(s)=4.105056, theta=0.5412003, qOut=0.5733133, phi_lepton=1.112111, phi_gamma=4.774686
    Tx muon [Tx_electron]: -0, sqrt(s)=4.342254, theta=2.535802, qOut=0.1483704, phi_lepton=4.653083, phi_gamma=5.117271
    Ty muon [Ty_electron]: -0, sqrt(s)=4.342254, theta=2.535802, qOut=0.1483704, phi_lepton=4.653083, phi_gamma=5.117271
    L muon + L proton [LL]: 0.47257729, sqrt(s)=4.638517, theta=1.570795, qOut=0.25, phi_lepton=1.472622, phi_gamma=1.472622
    L muon + Tx proton [LTx]: 0.42741235, sqrt(s)=1.212364, theta=1.67749, qOut=0.05102983, phi_lepton=0.7391278, phi_gamma=0.8631334
    L muon + Ty proton [LTy]: 0.4063947, sqrt(s)=1.23795, theta=1.718438, qOut=0.130052, phi_lepton=1.869413, phi_gamma=1.917739
    Tx muon + Tx proton [TxTx]: 0.99999871, sqrt(s)=4.638517, theta=1.570795, qOut=0.25, phi_lepton=1.570796, phi_gamma=1.570796
    Tx muon + Ty proton [TxTy]: 0.99999871, sqrt(s)=4.638517, theta=1.570795, qOut=0.25, phi_lepton=1.570796, phi_gamma=1.570796
  M_\gamma:
    Unpolarized [unpolarized]: -0, sqrt(s)=1.398153, theta=2.214246, qOut=0.03765902, phi_lepton=2.629976, phi_gamma=1.473632
    L proton [L_proton]: -0, sqrt(s)=4.945238, theta=1.588567, qOut=1.172637, phi_lepton=2.775494, phi_gamma=2.751477
    L muon [L_electron]: -0, sqrt(s)=1.166341, theta=0.9806699, qOut=0.03114685, phi_lepton=2.079167, phi_gamma=2.078299
    Tx proton [Tx_proton]: -0, sqrt(s)=2.693478, theta=1.616315, qOut=0.1381925, phi_lepton=0.4255366, phi_gamma=0.4114083
    Ty proton [Ty_proton]: -0, sqrt(s)=2.693478, theta=1.616315, qOut=0.1381925, phi_lepton=0.4255366, phi_gamma=0.4114083
    Tx muon [Tx_electron]: -0, sqrt(s)=1.355492, theta=1.59963, qOut=0.1352646, phi_lepton=0.4193776, phi_gamma=2.769602
    Ty muon [Ty_electron]: -0, sqrt(s)=1.355492, theta=1.59963, qOut=0.1352646, phi_lepton=0.4193776, phi_gamma=2.769602
    L muon + L proton [LL]: 0.47257729, sqrt(s)=4.638517, theta=1.570795, qOut=0.25, phi_lepton=1.668971, phi_gamma=1.668971
    L muon + Tx proton [LTx]: 0.42741236, sqrt(s)=1.212364, theta=1.67749, qOut=0.05102983, phi_lepton=0.7391278, phi_gamma=0.8631334
    L muon + Ty proton [LTy]: 0.4063947, sqrt(s)=1.23795, theta=1.718438, qOut=0.130052, phi_lepton=1.869413, phi_gamma=1.917739
    Tx muon + Tx proton [TxTx]: 0.99999871, sqrt(s)=4.638517, theta=1.570795, qOut=0.25, phi_lepton=1.570796, phi_gamma=1.570796
    Tx muon + Ty proton [TxTy]: 0.99999871, sqrt(s)=4.638517, theta=1.570795, qOut=0.25, phi_lepton=1.570796, phi_gamma=1.570796
  F_3:
    Unpolarized [unpolarized]: 0, sqrt(s)=1.398153, theta=2.214246, qOut=0.03765902, phi_lepton=2.629976, phi_gamma=1.473632
    L proton [L_proton]: 0, sqrt(s)=1.398153, theta=2.214246, qOut=0.03765902, phi_lepton=2.629976, phi_gamma=1.473632
    L muon [L_electron]: 0, sqrt(s)=1.398153, theta=2.214246, qOut=0.03765902, phi_lepton=2.629976, phi_gamma=1.473632
    Tx proton [Tx_proton]: 0, sqrt(s)=1.398153, theta=2.214246, qOut=0.03765902, phi_lepton=2.629976, phi_gamma=1.473632
    Ty proton [Ty_proton]: 0, sqrt(s)=1.398153, theta=2.214246, qOut=0.03765902, phi_lepton=2.629976, phi_gamma=1.473632
    Tx muon [Tx_electron]: 0, sqrt(s)=1.398153, theta=2.214246, qOut=0.03765902, phi_lepton=2.629976, phi_gamma=1.473632
    Ty muon [Ty_electron]: 0, sqrt(s)=1.398153, theta=2.214246, qOut=0.03765902, phi_lepton=2.629976, phi_gamma=1.473632
    L muon + L proton [LL]: 0.86751101, sqrt(s)=1.095841, theta=2.468602, qOut=0.04312142, phi_lepton=1.57146, phi_gamma=4.716368
    L muon + Tx proton [LTx]: 0.86077908, sqrt(s)=1.265703, theta=1.935287, qOut=0.1431194, phi_lepton=1.392871, phi_gamma=2.521161
    L muon + Ty proton [LTy]: 0.86118818, sqrt(s)=1.260502, theta=2.618806, qOut=0.1425037, phi_lepton=1.539464, phi_gamma=1.595933
    Tx muon + Tx proton [TxTx]: 0.99999957, sqrt(s)=4.638517, theta=1.570795, qOut=0.25, phi_lepton=1.570796, phi_gamma=1.570796
    Tx muon + Ty proton [TxTy]: 0.99999957, sqrt(s)=4.638517, theta=1.570795, qOut=0.25, phi_lepton=1.570796, phi_gamma=1.570796
  P_{\rm GHZ+}:
    Unpolarized [unpolarized]: 0.50815907, sqrt(s)=1.212778, theta=1.656986, qOut=0.1159042, phi_lepton=1.974197, phi_gamma=4.304877
    L proton [L_proton]: 0.50815907, sqrt(s)=1.212778, theta=1.656986, qOut=0.1159042, phi_lepton=1.974197, phi_gamma=4.304877
    L muon [L_electron]: 0.50815907, sqrt(s)=1.212778, theta=1.656986, qOut=0.1159042, phi_lepton=1.974197, phi_gamma=4.304877
    Tx proton [Tx_proton]: 0.50815907, sqrt(s)=1.212778, theta=1.656986, qOut=0.1159042, phi_lepton=1.974197, phi_gamma=4.304877
    Ty proton [Ty_proton]: 0.50815907, sqrt(s)=1.212778, theta=1.656986, qOut=0.1159042, phi_lepton=1.974197, phi_gamma=4.304877
    Tx muon [Tx_electron]: 0.50815907, sqrt(s)=1.212778, theta=1.656986, qOut=0.1159042, phi_lepton=1.974197, phi_gamma=4.304877
    Ty muon [Ty_electron]: 0.50815907, sqrt(s)=1.212778, theta=1.656986, qOut=0.1159042, phi_lepton=1.974197, phi_gamma=4.304877
    L muon + L proton [LL]: 0.60059361, sqrt(s)=1.164327, theta=1.755704, qOut=0.087616, phi_lepton=2.045454, phi_gamma=4.034014
    L muon + Tx proton [LTx]: 0.58253136, sqrt(s)=1.212778, theta=1.656986, qOut=0.1159042, phi_lepton=1.974197, phi_gamma=4.304877
    L muon + Ty proton [LTy]: 0.58336422, sqrt(s)=1.280492, theta=2.360368, qOut=0.1533988, phi_lepton=1.132281, phi_gamma=5.452067
    Tx muon + Tx proton [TxTx]: 0.92898255, sqrt(s)=4.217321, theta=1.239668, qOut=1.621579, phi_lepton=1.717399, phi_gamma=1.673224
    Tx muon + Ty proton [TxTy]: 0.94907943, sqrt(s)=4.337369, theta=1.325593, qOut=1.681062, phi_lepton=1.383638, phi_gamma=4.38903
  P_W:
    Unpolarized [unpolarized]: 0.28412747, sqrt(s)=4.638517, theta=1.570795, qOut=1.8, phi_lepton=4.712389, phi_gamma=4.810564
    L proton [L_proton]: 0.25856888, sqrt(s)=1.095994, theta=2.356432, qOut=0.04323092, phi_lepton=2.380432, phi_gamma=2.803257
    L muon [L_electron]: 0.35144935, sqrt(s)=1.311363, theta=1.586858, qOut=0.170014, phi_lepton=1.78107, phi_gamma=1.825729
    Tx proton [Tx_proton]: 0.42881221, sqrt(s)=4.638517, theta=1.570795, qOut=0.25, phi_lepton=4.712389, phi_gamma=5.301438
    Ty proton [Ty_proton]: 0.353879, sqrt(s)=1.207167, theta=2.093111, qOut=0.1127076, phi_lepton=4.895697, phi_gamma=0.7546901
    Tx muon [Tx_electron]: 0.32329842, sqrt(s)=4.638517, theta=1.570795, qOut=1, phi_lepton=5.301438, phi_gamma=5.301438
    Ty muon [Ty_electron]: 0.35064752, sqrt(s)=1.234924, theta=2.12972, qOut=0.1184999, phi_lepton=4.749346, phi_gamma=0.9276465
    L muon + L proton [LL]: 0.65113556, sqrt(s)=4.638517, theta=1.570795, qOut=1.8, phi_lepton=1.668971, phi_gamma=1.668971
    L muon + Tx proton [LTx]: 0.40684919, sqrt(s)=1.095841, theta=0.5008866, qOut=0.04312142, phi_lepton=1.236104, phi_gamma=2.197124
    L muon + Ty proton [LTy]: 0.40885619, sqrt(s)=4.638517, theta=1.570795, qOut=0.25, phi_lepton=3.632467, phi_gamma=3.632467
    Tx muon + Tx proton [TxTx]: 0.59408443, sqrt(s)=4.756227, theta=1.678423, qOut=1.888575, phi_lepton=5.091616, phi_gamma=4.712707
    Tx muon + Ty proton [TxTy]: 0.51035665, sqrt(s)=1.122267, theta=1.277538, qOut=0.02232804, phi_lepton=2.115309, phi_gamma=4.676012
  full csv: Output/PhaseSpaceScan/muon/ConcurrenceScan/muon_photon_entanglement_phase_space.csv
  aligned csv: Output/PhaseSpaceScan/muon/ConcurrenceScan/muon_photon_entanglement_aligned.csv
  ranked csv: Output/PhaseSpaceScan/muon/ConcurrenceScan/muon_photon_entanglement_top.csv
  per-polarization plots: Output/PhaseSpaceScan/muon/ConcurrenceScan
