AlignmentScan-style entanglement phase-space scan (electron)
  random seed: 271828
  parallel workers: 10
  electron mass: 0.00051099895 GeV
  threshold: sqrt(s)=0.938510999 GeV
  ranges: sqrt(s)=(0.9854365488975, 5.0) GeV, s=(0.9710851919030149, 25.0), theta_in=(0.35, 2.8)
  qOut fraction of kinematic maximum: (0.05, 0.95)
  phase-space valid samples: 8192/8192
  observables: C_{ep}, C_{e\gamma}, C_{p\gamma}, C_{e|p\gamma}, C_{p|e\gamma}, C_{\gamma|ep}, M_e, M_p, M_\gamma, F_3, P_{\rm GHZ+}, P_W
  polarization cases: 12
  AlignmentScan seed samples: 144/144
  refinement valid samples: 4096/4096
  total valid samples: 12432
  best points by observable and polarization:
  C_{ep}:
    Unpolarized [unpolarized]: 0.17075094, sqrt(s)=0.9854365, theta=1.617316, qOut=0.02347837, phi_lepton=1.959775, phi_gamma=1.913371
    L proton [L_proton]: 0.21917905, sqrt(s)=0.9854365, theta=1.617316, qOut=0.02347837, phi_lepton=1.959775, phi_gamma=1.913371
    L electron [L_electron]: 0.17528245, sqrt(s)=0.9854365, theta=1.617316, qOut=0.02347837, phi_lepton=1.959775, phi_gamma=1.913371
    Tx proton [Tx_proton]: 0.17813097, sqrt(s)=0.9854365, theta=1.617316, qOut=0.02347837, phi_lepton=1.959775, phi_gamma=1.913371
    Ty proton [Ty_proton]: 0.17450213, sqrt(s)=0.9854365, theta=1.617316, qOut=0.02347837, phi_lepton=1.959775, phi_gamma=1.913371
    Tx electron [Tx_electron]: 0.18306167, sqrt(s)=0.9854365, theta=1.617316, qOut=0.02347837, phi_lepton=1.959775, phi_gamma=1.913371
    Ty electron [Ty_electron]: 0.18592093, sqrt(s)=0.9854365, theta=1.617316, qOut=0.02347837, phi_lepton=1.959775, phi_gamma=1.913371
    L electron + L proton [LL]: 0.83779098, sqrt(s)=4.638517, theta=1.570795, qOut=1, phi_lepton=1.767146, phi_gamma=1.767146
    L electron + Tx proton [LTx]: 0.27355391, sqrt(s)=0.9854365, theta=1.617316, qOut=0.02347837, phi_lepton=1.959775, phi_gamma=1.913371
    L electron + Ty proton [LTy]: 0.2172939, sqrt(s)=0.9854365, theta=1.483736, qOut=0.02347837, phi_lepton=0.7790791, phi_gamma=0.7925918
    Tx electron + Tx proton [TxTx]: 0.99997716, sqrt(s)=1.538477, theta=1.585782, qOut=0.003002385, phi_lepton=1.521742, phi_gamma=0.5872142
    Tx electron + Ty proton [TxTy]: 0.99997752, sqrt(s)=1.538477, theta=1.585782, qOut=0.003002385, phi_lepton=1.521742, phi_gamma=0.5872142
  C_{e\gamma}:
    Unpolarized [unpolarized]: 4.9071858e-13, sqrt(s)=4.638517, theta=1.570795, qOut=0.25, phi_lepton=3.043418, phi_gamma=4.712389
    L proton [L_proton]: 0.30395942, sqrt(s)=1.099114, theta=1.195486, qOut=0.04564271, phi_lepton=1.247422, phi_gamma=4.715106
    L electron [L_electron]: 0.39393743, sqrt(s)=1.440925, theta=1.068851, qOut=0.2293101, phi_lepton=3.403836, phi_gamma=4.713202
    Tx proton [Tx_proton]: 0.1217875, sqrt(s)=0.9854365, theta=1.374318, qOut=0.02347837, phi_lepton=1.316701, phi_gamma=4.703117
    Ty proton [Ty_proton]: 0.16711772, sqrt(s)=0.9854365, theta=1.374318, qOut=0.02347837, phi_lepton=1.316701, phi_gamma=4.703117
    Tx electron [Tx_electron]: 0.99998014, sqrt(s)=4.638517, theta=1.570795, qOut=1.8, phi_lepton=4.614214, phi_gamma=4.712389
    Ty electron [Ty_electron]: 0.99998073, sqrt(s)=4.638517, theta=1.570795, qOut=1.8, phi_lepton=4.614214, phi_gamma=4.712389
    L electron + L proton [LL]: 0.45726467, sqrt(s)=4.638517, theta=1.570795, qOut=0.25, phi_lepton=2.159845, phi_gamma=2.159845
    L electron + Tx proton [LTx]: 0.39386116, sqrt(s)=1.440925, theta=1.068851, qOut=0.2293101, phi_lepton=3.403836, phi_gamma=4.713202
    L electron + Ty proton [LTy]: 0.39388336, sqrt(s)=1.440925, theta=1.068851, qOut=0.2293101, phi_lepton=3.403836, phi_gamma=4.713202
    Tx electron + Tx proton [TxTx]: 0.99997886, sqrt(s)=4.638517, theta=1.570795, qOut=1.8, phi_lepton=4.614214, phi_gamma=4.712389
    Tx electron + Ty proton [TxTy]: 0.99998026, sqrt(s)=4.638517, theta=1.570795, qOut=1.8, phi_lepton=4.614214, phi_gamma=4.712389
  C_{p\gamma}:
    Unpolarized [unpolarized]: 2.3603279e-15, sqrt(s)=4.638517, theta=1.570795, qOut=1, phi_lepton=1.570796, phi_gamma=4.712389
    L proton [L_proton]: 0.68083989, sqrt(s)=4.638517, theta=1.570795, qOut=1.8, phi_lepton=4.712389, phi_gamma=4.614214
    L electron [L_electron]: 0.68066883, sqrt(s)=4.638517, theta=1.570795, qOut=1.8, phi_lepton=4.712389, phi_gamma=4.810564
    Tx proton [Tx_proton]: 0.99998666, sqrt(s)=4.638517, theta=1.570795, qOut=0.25, phi_lepton=4.712389, phi_gamma=1.570796
    Ty proton [Ty_proton]: 0.99998665, sqrt(s)=4.638517, theta=1.570795, qOut=0.25, phi_lepton=4.712389, phi_gamma=1.570796
    Tx electron [Tx_electron]: 0.034288966, sqrt(s)=0.9854365, theta=1.617316, qOut=0.02347837, phi_lepton=1.959775, phi_gamma=1.913371
    Ty electron [Ty_electron]: 0.060425672, sqrt(s)=0.9854365, theta=1.617316, qOut=0.02347837, phi_lepton=1.959775, phi_gamma=1.913371
    L electron + L proton [LL]: 0.98992029, sqrt(s)=1.090942, theta=2.196558, qOut=0.07570541, phi_lepton=5.375277, phi_gamma=1.345198
    L electron + Tx proton [LTx]: 0.99998666, sqrt(s)=4.638517, theta=1.570795, qOut=0.25, phi_lepton=4.712389, phi_gamma=1.570796
    L electron + Ty proton [LTy]: 0.99998594, sqrt(s)=4.638517, theta=1.570795, qOut=0.25, phi_lepton=4.712389, phi_gamma=1.570796
    Tx electron + Tx proton [TxTx]: 0.99998666, sqrt(s)=4.638517, theta=1.570795, qOut=0.25, phi_lepton=4.712389, phi_gamma=1.570796
    Tx electron + Ty proton [TxTy]: 0.99998665, sqrt(s)=4.638517, theta=1.570795, qOut=0.25, phi_lepton=4.712389, phi_gamma=1.570796
  C_{e|p\gamma}:
    Unpolarized [unpolarized]: 0, sqrt(s)=1.296297, theta=2.214246, qOut=0.03095512, phi_lepton=2.629976, phi_gamma=1.473632
    L proton [L_proton]: 3.1398695e-07, sqrt(s)=4.638517, theta=1.570795, qOut=0.25, phi_lepton=1.570796, phi_gamma=4.712389
    L electron [L_electron]: 1.365714e-07, sqrt(s)=4.638517, theta=1.570795, qOut=1.8, phi_lepton=1.570796, phi_gamma=4.712389
    Tx proton [Tx_proton]: 0, sqrt(s)=1.296297, theta=2.214246, qOut=0.03095512, phi_lepton=2.629976, phi_gamma=1.473632
    Ty proton [Ty_proton]: 0, sqrt(s)=1.296297, theta=2.214246, qOut=0.03095512, phi_lepton=2.629976, phi_gamma=1.473632
    Tx electron [Tx_electron]: 0, sqrt(s)=1.296297, theta=2.214246, qOut=0.03095512, phi_lepton=2.629976, phi_gamma=1.473632
    Ty electron [Ty_electron]: 0, sqrt(s)=1.296297, theta=2.214246, qOut=0.03095512, phi_lepton=2.629976, phi_gamma=1.473632
    L electron + L proton [LL]: 0.96338382, sqrt(s)=4.638517, theta=1.570795, qOut=1, phi_lepton=1.767146, phi_gamma=1.767146
    L electron + Tx proton [LTx]: 0.3938613, sqrt(s)=1.440925, theta=1.068851, qOut=0.2293101, phi_lepton=3.403836, phi_gamma=4.713202
    L electron + Ty proton [LTy]: 0.39388376, sqrt(s)=1.440925, theta=1.068851, qOut=0.2293101, phi_lepton=3.403836, phi_gamma=4.713202
    Tx electron + Tx proton [TxTx]: 1, sqrt(s)=4.638517, theta=1.570795, qOut=1, phi_lepton=1.570796, phi_gamma=1.570796
    Tx electron + Ty proton [TxTy]: 1, sqrt(s)=4.638517, theta=1.570795, qOut=0.25, phi_lepton=1.570796, phi_gamma=1.570796
  C_{p|e\gamma}:
    Unpolarized [unpolarized]: 0, sqrt(s)=1.296297, theta=2.214246, qOut=0.03095512, phi_lepton=2.629976, phi_gamma=1.473632
    L proton [L_proton]: 3.4369715e-07, sqrt(s)=4.638517, theta=1.570795, qOut=1.8, phi_lepton=1.570796, phi_gamma=4.712389
    L electron [L_electron]: 1.3978528e-07, sqrt(s)=4.638517, theta=1.570795, qOut=1.8, phi_lepton=1.570796, phi_gamma=4.712389
    Tx proton [Tx_proton]: 0, sqrt(s)=1.296297, theta=2.214246, qOut=0.03095512, phi_lepton=2.629976, phi_gamma=1.473632
    Ty proton [Ty_proton]: 0, sqrt(s)=1.296297, theta=2.214246, qOut=0.03095512, phi_lepton=2.629976, phi_gamma=1.473632
    Tx electron [Tx_electron]: 0, sqrt(s)=1.296297, theta=2.214246, qOut=0.03095512, phi_lepton=2.629976, phi_gamma=1.473632
    Ty electron [Ty_electron]: 0, sqrt(s)=1.296297, theta=2.214246, qOut=0.03095512, phi_lepton=2.629976, phi_gamma=1.473632
    L electron + L proton [LL]: 0.98992741, sqrt(s)=1.090942, theta=2.196558, qOut=0.07570541, phi_lepton=5.375277, phi_gamma=1.345198
    L electron + Tx proton [LTx]: 0.99998666, sqrt(s)=4.638517, theta=1.570795, qOut=0.25, phi_lepton=4.712389, phi_gamma=1.570796
    L electron + Ty proton [LTy]: 0.99998594, sqrt(s)=4.638517, theta=1.570795, qOut=0.25, phi_lepton=4.712389, phi_gamma=1.570796
    Tx electron + Tx proton [TxTx]: 1, sqrt(s)=4.638517, theta=1.570795, qOut=1, phi_lepton=1.570796, phi_gamma=4.712389
    Tx electron + Ty proton [TxTy]: 1, sqrt(s)=4.638517, theta=1.570795, qOut=1.8, phi_lepton=4.712389, phi_gamma=1.570796
  C_{\gamma|ep}:
    Unpolarized [unpolarized]: 0, sqrt(s)=1.296297, theta=2.214246, qOut=0.03095512, phi_lepton=2.629976, phi_gamma=1.473632
    L proton [L_proton]: 3.4369715e-07, sqrt(s)=4.638517, theta=1.570795, qOut=1.8, phi_lepton=1.570796, phi_gamma=4.712389
    L electron [L_electron]: 1.365714e-07, sqrt(s)=4.638517, theta=1.570795, qOut=1.8, phi_lepton=1.570796, phi_gamma=4.712389
    Tx proton [Tx_proton]: 0, sqrt(s)=1.296297, theta=2.214246, qOut=0.03095512, phi_lepton=2.629976, phi_gamma=1.473632
    Ty proton [Ty_proton]: 0, sqrt(s)=1.296297, theta=2.214246, qOut=0.03095512, phi_lepton=2.629976, phi_gamma=1.473632
    Tx electron [Tx_electron]: 0, sqrt(s)=1.296297, theta=2.214246, qOut=0.03095512, phi_lepton=2.629976, phi_gamma=1.473632
    Ty electron [Ty_electron]: 0, sqrt(s)=1.296297, theta=2.214246, qOut=0.03095512, phi_lepton=2.629976, phi_gamma=1.473632
    L electron + L proton [LL]: 0.98992658, sqrt(s)=1.090942, theta=2.196558, qOut=0.07570541, phi_lepton=5.375277, phi_gamma=1.345198
    L electron + Tx proton [LTx]: 0.99998666, sqrt(s)=4.638517, theta=1.570795, qOut=0.25, phi_lepton=4.712389, phi_gamma=1.570796
    L electron + Ty proton [LTy]: 0.99998594, sqrt(s)=4.638517, theta=1.570795, qOut=0.25, phi_lepton=4.712389, phi_gamma=1.570796
    Tx electron + Tx proton [TxTx]: 1, sqrt(s)=4.638517, theta=1.570795, qOut=1, phi_lepton=1.570796, phi_gamma=4.712389
    Tx electron + Ty proton [TxTy]: 1, sqrt(s)=4.638517, theta=1.570795, qOut=1.8, phi_lepton=4.712389, phi_gamma=1.570796
  M_e:
    Unpolarized [unpolarized]: -0, sqrt(s)=1.296297, theta=2.214246, qOut=0.03095512, phi_lepton=2.629976, phi_gamma=1.473632
    L proton [L_proton]: 9.8585976e-14, sqrt(s)=4.638517, theta=1.570795, qOut=0.25, phi_lepton=1.570796, phi_gamma=4.712389
    L electron [L_electron]: 1.8651711e-14, sqrt(s)=4.638517, theta=1.570795, qOut=1.8, phi_lepton=1.570796, phi_gamma=4.712389
    Tx proton [Tx_proton]: -0, sqrt(s)=1.296297, theta=2.214246, qOut=0.03095512, phi_lepton=2.629976, phi_gamma=1.473632
    Ty proton [Ty_proton]: -0, sqrt(s)=1.296297, theta=2.214246, qOut=0.03095512, phi_lepton=2.629976, phi_gamma=1.473632
    Tx electron [Tx_electron]: -0, sqrt(s)=1.296297, theta=2.214246, qOut=0.03095512, phi_lepton=2.629976, phi_gamma=1.473632
    Ty electron [Ty_electron]: -0, sqrt(s)=1.296297, theta=2.214246, qOut=0.03095512, phi_lepton=2.629976, phi_gamma=1.473632
    L electron + L proton [LL]: 0.27784993, sqrt(s)=4.638517, theta=1.570795, qOut=0.25, phi_lepton=1.963495, phi_gamma=1.963495
    L electron + Tx proton [LTx]: 0.010700551, sqrt(s)=0.9854365, theta=1.617316, qOut=0.02347837, phi_lepton=1.959775, phi_gamma=1.913371
    L electron + Ty proton [LTy]: 0.016235334, sqrt(s)=0.9854365, theta=1.617316, qOut=0.02347837, phi_lepton=1.959775, phi_gamma=1.913371
    Tx electron + Tx proton [TxTx]: 1, sqrt(s)=4.638517, theta=1.570795, qOut=0.25, phi_lepton=1.570796, phi_gamma=4.712389
    Tx electron + Ty proton [TxTy]: 1, sqrt(s)=4.638517, theta=1.570795, qOut=0.25, phi_lepton=1.570796, phi_gamma=4.712389
  M_p:
    Unpolarized [unpolarized]: -0, sqrt(s)=1.296297, theta=2.214246, qOut=0.03095512, phi_lepton=2.629976, phi_gamma=1.473632
    L proton [L_proton]: 1.1812773e-13, sqrt(s)=4.638517, theta=1.570795, qOut=1.8, phi_lepton=1.570796, phi_gamma=4.712389
    L electron [L_electron]: 1.9539925e-14, sqrt(s)=4.638517, theta=1.570795, qOut=1.8, phi_lepton=1.570796, phi_gamma=4.712389
    Tx proton [Tx_proton]: -0, sqrt(s)=1.817593, theta=1.736316, qOut=0.2948576, phi_lepton=1.091263, phi_gamma=4.70872
    Ty proton [Ty_proton]: -0, sqrt(s)=1.817593, theta=1.736316, qOut=0.2948576, phi_lepton=1.091263, phi_gamma=4.70872
    Tx electron [Tx_electron]: -0, sqrt(s)=1.296297, theta=2.214246, qOut=0.03095512, phi_lepton=2.629976, phi_gamma=1.473632
    Ty electron [Ty_electron]: -0, sqrt(s)=1.296297, theta=2.214246, qOut=0.03095512, phi_lepton=2.629976, phi_gamma=1.473632
    L electron + L proton [LL]: 0.27784993, sqrt(s)=4.638517, theta=1.570795, qOut=0.25, phi_lepton=1.963495, phi_gamma=1.963495
    L electron + Tx proton [LTx]: 0.01070055, sqrt(s)=0.9854365, theta=1.617316, qOut=0.02347837, phi_lepton=1.959775, phi_gamma=1.913371
    L electron + Ty proton [LTy]: 0.016235334, sqrt(s)=0.9854365, theta=1.617316, qOut=0.02347837, phi_lepton=1.959775, phi_gamma=1.913371
    Tx electron + Tx proton [TxTx]: 1, sqrt(s)=4.638517, theta=1.570795, qOut=0.25, phi_lepton=1.570796, phi_gamma=4.712389
    Tx electron + Ty proton [TxTy]: 1, sqrt(s)=4.638517, theta=1.570795, qOut=0.25, phi_lepton=1.570796, phi_gamma=4.712389
  M_\gamma:
    Unpolarized [unpolarized]: -0, sqrt(s)=1.296297, theta=2.214246, qOut=0.03095512, phi_lepton=2.629976, phi_gamma=1.473632
    L proton [L_proton]: 1.1812769e-13, sqrt(s)=4.638517, theta=1.570795, qOut=1.8, phi_lepton=1.570796, phi_gamma=4.712389
    L electron [L_electron]: 1.8651711e-14, sqrt(s)=4.638517, theta=1.570795, qOut=1.8, phi_lepton=1.570796, phi_gamma=4.712389
    Tx proton [Tx_proton]: -0, sqrt(s)=2.714816, theta=1.567783, qOut=0.7404238, phi_lepton=2.674079, phi_gamma=2.670704
    Ty proton [Ty_proton]: -0, sqrt(s)=2.714816, theta=1.567783, qOut=0.7404238, phi_lepton=2.674079, phi_gamma=2.670704
    Tx electron [Tx_electron]: -0, sqrt(s)=1.296297, theta=2.214246, qOut=0.03095512, phi_lepton=2.629976, phi_gamma=1.473632
    Ty electron [Ty_electron]: -0, sqrt(s)=1.296297, theta=2.214246, qOut=0.03095512, phi_lepton=2.629976, phi_gamma=1.473632
    L electron + L proton [LL]: 0.27784993, sqrt(s)=4.638517, theta=1.570795, qOut=0.25, phi_lepton=1.963495, phi_gamma=1.963495
    L electron + Tx proton [LTx]: 0.010700551, sqrt(s)=0.9854365, theta=1.617316, qOut=0.02347837, phi_lepton=1.959775, phi_gamma=1.913371
    L electron + Ty proton [LTy]: 0.016235334, sqrt(s)=0.9854365, theta=1.617316, qOut=0.02347837, phi_lepton=1.959775, phi_gamma=1.913371
    Tx electron + Tx proton [TxTx]: 1, sqrt(s)=4.638517, theta=1.570795, qOut=0.25, phi_lepton=1.570796, phi_gamma=4.712389
    Tx electron + Ty proton [TxTy]: 1, sqrt(s)=4.638517, theta=1.570795, qOut=0.25, phi_lepton=1.570796, phi_gamma=4.712389
  F_3:
    Unpolarized [unpolarized]: 0, sqrt(s)=1.296297, theta=2.214246, qOut=0.03095512, phi_lepton=2.629976, phi_gamma=1.473632
    L proton [L_proton]: 1.1066735e-13, sqrt(s)=4.638517, theta=1.570795, qOut=1.8, phi_lepton=1.570796, phi_gamma=4.712389
    L electron [L_electron]: 1.8938552e-14, sqrt(s)=4.638517, theta=1.570795, qOut=1.8, phi_lepton=1.570796, phi_gamma=4.712389
    Tx proton [Tx_proton]: 0, sqrt(s)=1.296297, theta=2.214246, qOut=0.03095512, phi_lepton=2.629976, phi_gamma=1.473632
    Ty proton [Ty_proton]: 0, sqrt(s)=1.296297, theta=2.214246, qOut=0.03095512, phi_lepton=2.629976, phi_gamma=1.473632
    Tx electron [Tx_electron]: 0, sqrt(s)=1.296297, theta=2.214246, qOut=0.03095512, phi_lepton=2.629976, phi_gamma=1.473632
    Ty electron [Ty_electron]: 0, sqrt(s)=1.296297, theta=2.214246, qOut=0.03095512, phi_lepton=2.629976, phi_gamma=1.473632
    L electron + L proton [LL]: 0.56860706, sqrt(s)=4.638517, theta=1.570795, qOut=0.25, phi_lepton=1.963495, phi_gamma=1.963495
    L electron + Tx proton [LTx]: 0.26763632, sqrt(s)=0.9854365, theta=1.64131, qOut=0.02347837, phi_lepton=1.63616, phi_gamma=1.815006
    L electron + Ty proton [LTy]: 0.26280288, sqrt(s)=0.9854365, theta=1.667739, qOut=0.02347837, phi_lepton=0.9462659, phi_gamma=0.7502574
    Tx electron + Tx proton [TxTx]: 1, sqrt(s)=4.638517, theta=1.570795, qOut=0.25, phi_lepton=1.570796, phi_gamma=4.712389
    Tx electron + Ty proton [TxTy]: 1, sqrt(s)=4.638517, theta=1.570795, qOut=0.25, phi_lepton=1.570796, phi_gamma=4.712389
  P_{\rm GHZ+}:
    Unpolarized [unpolarized]: 0.48524772, sqrt(s)=4.804896, theta=1.694465, qOut=1.914113, phi_lepton=1.37433, phi_gamma=4.812924
    L proton [L_proton]: 0.48524772, sqrt(s)=4.804896, theta=1.694465, qOut=1.914113, phi_lepton=1.37433, phi_gamma=4.812924
    L electron [L_electron]: 0.48524772, sqrt(s)=4.804896, theta=1.694465, qOut=1.914113, phi_lepton=1.37433, phi_gamma=4.812924
    Tx proton [Tx_proton]: 0.48524772, sqrt(s)=4.804896, theta=1.694465, qOut=1.914113, phi_lepton=1.37433, phi_gamma=4.812924
    Ty proton [Ty_proton]: 0.48524772, sqrt(s)=4.804896, theta=1.694465, qOut=1.914113, phi_lepton=1.37433, phi_gamma=4.812924
    Tx electron [Tx_electron]: 0.48524772, sqrt(s)=4.804896, theta=1.694465, qOut=1.914113, phi_lepton=1.37433, phi_gamma=4.812924
    Ty electron [Ty_electron]: 0.48524772, sqrt(s)=4.804896, theta=1.694465, qOut=1.914113, phi_lepton=1.37433, phi_gamma=4.812924
    L electron + L proton [LL]: 0.49211604, sqrt(s)=4.581682, theta=1.627717, qOut=1.803623, phi_lepton=1.573623, phi_gamma=3.204521
    L electron + Tx proton [LTx]: 0.48656565, sqrt(s)=4.596861, theta=1.535261, qOut=1.811136, phi_lepton=1.521567, phi_gamma=1.811936
    L electron + Ty proton [LTy]: 0.48530172, sqrt(s)=4.804896, theta=1.694465, qOut=1.914113, phi_lepton=1.37433, phi_gamma=4.812924
    Tx electron + Tx proton [TxTx]: 0.96189348, sqrt(s)=4.528132, theta=1.6842, qOut=1.777116, phi_lepton=1.681753, phi_gamma=1.683387
    Tx electron + Ty proton [TxTy]: 0.9614448, sqrt(s)=4.56321, theta=1.468334, qOut=1.794479, phi_lepton=1.218008, phi_gamma=4.52864
  P_W:
    Unpolarized [unpolarized]: 0.28057703, sqrt(s)=4.638517, theta=1.570795, qOut=1.8, phi_lepton=4.712389, phi_gamma=4.810564
    L proton [L_proton]: 0.31713185, sqrt(s)=0.9854365, theta=1.670574, qOut=0.02347837, phi_lepton=1.569767, phi_gamma=0.1840714
    L electron [L_electron]: 0.33331573, sqrt(s)=4.638517, theta=1.570795, qOut=1.8, phi_lepton=1.570796, phi_gamma=1.570796
    Tx proton [Tx_proton]: 0.43477112, sqrt(s)=4.638517, theta=1.570795, qOut=0.25, phi_lepton=4.712389, phi_gamma=5.203263
    Ty proton [Ty_proton]: 0.3015152, sqrt(s)=0.9854365, theta=2.407022, qOut=0.02347837, phi_lepton=1.793585, phi_gamma=2.315265
    Tx electron [Tx_electron]: 0.39585567, sqrt(s)=1.035437, theta=1.099984, qOut=0.04822988, phi_lepton=5.807616, phi_gamma=0.887385
    Ty electron [Ty_electron]: 0.37878521, sqrt(s)=0.9854365, theta=2.117912, qOut=0.02347837, phi_lepton=4.779799, phi_gamma=1.269498
    L electron + L proton [LL]: 0.31821062, sqrt(s)=4.638517, theta=1.570795, qOut=1.8, phi_lepton=2.847068, phi_gamma=2.847068
    L electron + Tx proton [LTx]: 0.33331575, sqrt(s)=4.638517, theta=1.570795, qOut=1.8, phi_lepton=1.570796, phi_gamma=1.570796
    L electron + Ty proton [LTy]: 0.33446326, sqrt(s)=4.638517, theta=1.570795, qOut=1, phi_lepton=3.141593, phi_gamma=3.141593
    Tx electron + Tx proton [TxTx]: 0.58402255, sqrt(s)=4.638517, theta=1.570795, qOut=1, phi_lepton=5.105088, phi_gamma=5.105088
    Tx electron + Ty proton [TxTy]: 0.56970702, sqrt(s)=0.9854365, theta=2.678929, qOut=0.02347837, phi_lepton=1.808811, phi_gamma=1.649351
  full csv: Output/PhaseSpaceScan/electron/ConcurrenceScan/electron_photon_entanglement_phase_space.csv
  aligned csv: Output/PhaseSpaceScan/electron/ConcurrenceScan/electron_photon_entanglement_aligned.csv
  ranked csv: Output/PhaseSpaceScan/electron/ConcurrenceScan/electron_photon_entanglement_top.csv
  per-polarization plots: Output/PhaseSpaceScan/electron/ConcurrenceScan
